[0.020s] Invoking command in '/home/agxorin1/autonomousvehiclelab/isaac_ros-dev/src/build/data_logger': CMAKE_PREFIX_PATH=/home/agxorin1/autonomousvehiclelab/isaac_ros-dev/install/web_video_server:/home/agxorin1/autonomousvehiclelab/isaac_ros-dev/install/twist_mux:/home/agxorin1/autonomousvehiclelab/isaac_ros-dev/install/teleop_twist_joy:/home/agxorin1/autonomousvehiclelab/isaac_ros-dev/install/realsense2_description:/home/agxorin1/autonomousvehiclelab/isaac_ros-dev/install/realsense2_camera:/home/agxorin1/autonomousvehiclelab/isaac_ros-dev/install/realsense2_camera_msgs:/home/agxorin1/autonomousvehiclelab/isaac_ros-dev/install/new_car_description:/home/agxorin1/autonomousvehiclelab/isaac_ros-dev/install/agv_bot_description:/home/agxorin1/autonomousvehiclelab/isaac_ros-dev/install/data_logger:/home/agxorin1/autonomousvehiclelab/isaac_ros-dev/install/web_video_server_python:/home/agxorin1/autonomousvehiclelab/isaac_ros-dev/install/twist_converter:/home/agxorin1/autonomousvehiclelab/isaac_ros-dev/install/teleop_twist_keyboard:/home/agxorin1/autonomousvehiclelab/isaac_ros-dev/install/road_segmentation:/home/agxorin1/autonomousvehiclelab/isaac_ros-dev/install/realsense_obj_det:/home/agxorin1/autonomousvehiclelab/isaac_ros-dev/install/object_derek:/home/agxorin1/autonomousvehiclelab/isaac_ros-dev/install/object_avoidance:/home/agxorin1/autonomousvehiclelab/isaac_ros-dev/install/motor_control_pkg:/home/agxorin1/autonomousvehiclelab/isaac_ros-dev/install/joint_state_publisher_gui:/home/agxorin1/autonomousvehiclelab/isaac_ros-dev/install/joint_state_publisher:/home/agxorin1/autonomousvehiclelab/isaac_ros-dev/install/image_stitcher:/home/agxorin1/autonomousvehiclelab/isaac_ros-dev/install/gps_package:/home/agxorin1/autonomousvehiclelab/isaac_ros-dev/install/camera_publishers:/opt/ros/humble:/home/agxorin1/autonomousvehiclelab/isaac_ros-dev/install/async_web_server_cpp:/home/agxorin1/autonomousvehiclelab/isaac_ros-dev/install/agv_car_gazebo /usr/bin/cmake /home/agxorin1/autonomousvehiclelab/isaac_ros-dev/src/data_logger -DCMAKE_INSTALL_PREFIX=/home/agxorin1/autonomousvehiclelab/isaac_ros-dev/src/install/data_logger
[0.167s] -- The C compiler identification is GNU 11.4.0
[0.284s] -- The CXX compiler identification is GNU 11.4.0
[0.309s] -- Detecting C compiler ABI info
[0.455s] -- Detecting C compiler ABI info - done
[0.480s] -- Check for working C compiler: /usr/bin/cc - skipped
[0.481s] -- Detecting C compile features
[0.482s] -- Detecting C compile features - done
[0.493s] -- Detecting CXX compiler ABI info
[0.658s] -- Detecting CXX compiler ABI info - done
[0.684s] -- Check for working CXX compiler: /usr/bin/c++ - skipped
[0.684s] -- Detecting CXX compile features
[0.686s] -- Detecting CXX compile features - done
[0.702s] -- Found ament_cmake: 1.3.10 (/opt/ros/humble/share/ament_cmake/cmake)
[1.052s] -- Found Python3: /usr/bin/python3 (found version "3.10.12") found components: Interpreter 
[1.328s] -- Found rclcpp: 16.0.10 (/opt/ros/humble/share/rclcpp/cmake)
[1.454s] -- Found rosidl_generator_c: 3.1.5 (/opt/ros/humble/share/rosidl_generator_c/cmake)
[1.468s] -- Found rosidl_adapter: 3.1.5 (/opt/ros/humble/share/rosidl_adapter/cmake)
[1.489s] -- Found rosidl_generator_cpp: 3.1.5 (/opt/ros/humble/share/rosidl_generator_cpp/cmake)
[1.518s] -- Using all available rosidl_typesupport_c: rosidl_typesupport_fastrtps_c;rosidl_typesupport_introspection_c
[1.561s] -- Using all available rosidl_typesupport_cpp: rosidl_typesupport_fastrtps_cpp;rosidl_typesupport_introspection_cpp
[1.670s] -- Found rmw_implementation_cmake: 6.1.2 (/opt/ros/humble/share/rmw_implementation_cmake/cmake)
[1.679s] -- Found rmw_fastrtps_cpp: 6.2.7 (/opt/ros/humble/share/rmw_fastrtps_cpp/cmake)
[1.887s] -- Found OpenSSL: /usr/lib/aarch64-linux-gnu/libcrypto.so (found version "3.0.2")  
[1.952s] -- Found FastRTPS: /opt/ros/humble/include  
[2.036s] -- Using RMW implementation 'rmw_fastrtps_cpp' as default
[2.068s] -- Looking for pthread.h
[2.212s] -- Looking for pthread.h - found
[2.213s] -- Performing Test CMAKE_HAVE_LIBC_PTHREAD
[2.357s] -- Performing Test CMAKE_HAVE_LIBC_PTHREAD - Success
[2.360s] -- Found Threads: TRUE  
[2.496s] -- Found OpenCV: /usr (found version "4.8.0") 
[2.501s] -- Found cv_bridge: 3.2.1 (/opt/ros/humble/share/cv_bridge/cmake)
[2.574s] -- Found image_transport: 3.1.9 (/opt/ros/humble/share/image_transport/cmake)
[2.660s] -- Found ament_lint_auto: 0.12.11 (/opt/ros/humble/share/ament_lint_auto/cmake)
[2.843s] -- Added test 'cppcheck' to perform static code analysis on C / C++ code
[2.843s] -- Configured cppcheck include dirs: $<BUILD_INTERFACE:/home/agxorin1/autonomousvehiclelab/isaac_ros-dev/src/data_logger/include>
[2.844s] -- Configured cppcheck exclude dirs and/or files: 
[2.845s] -- Added test 'lint_cmake' to check CMake code style
[2.847s] -- Added test 'uncrustify' to check C / C++ code style
[2.847s] -- Configured uncrustify additional arguments: 
[2.849s] -- Added test 'xmllint' to check XML markup files
[2.853s] -- Configuring done
[2.873s] -- Generating done
[2.876s] -- Build files have been written to: /home/agxorin1/autonomousvehiclelab/isaac_ros-dev/src/build/data_logger
[2.900s] Invoked command in '/home/agxorin1/autonomousvehiclelab/isaac_ros-dev/src/build/data_logger' returned '0': CMAKE_PREFIX_PATH=/home/agxorin1/autonomousvehiclelab/isaac_ros-dev/install/web_video_server:/home/agxorin1/autonomousvehiclelab/isaac_ros-dev/install/twist_mux:/home/agxorin1/autonomousvehiclelab/isaac_ros-dev/install/teleop_twist_joy:/home/agxorin1/autonomousvehiclelab/isaac_ros-dev/install/realsense2_description:/home/agxorin1/autonomousvehiclelab/isaac_ros-dev/install/realsense2_camera:/home/agxorin1/autonomousvehiclelab/isaac_ros-dev/install/realsense2_camera_msgs:/home/agxorin1/autonomousvehiclelab/isaac_ros-dev/install/new_car_description:/home/agxorin1/autonomousvehiclelab/isaac_ros-dev/install/agv_bot_description:/home/agxorin1/autonomousvehiclelab/isaac_ros-dev/install/data_logger:/home/agxorin1/autonomousvehiclelab/isaac_ros-dev/install/web_video_server_python:/home/agxorin1/autonomousvehiclelab/isaac_ros-dev/install/twist_converter:/home/agxorin1/autonomousvehiclelab/isaac_ros-dev/install/teleop_twist_keyboard:/home/agxorin1/autonomousvehiclelab/isaac_ros-dev/install/road_segmentation:/home/agxorin1/autonomousvehiclelab/isaac_ros-dev/install/realsense_obj_det:/home/agxorin1/autonomousvehiclelab/isaac_ros-dev/install/object_derek:/home/agxorin1/autonomousvehiclelab/isaac_ros-dev/install/object_avoidance:/home/agxorin1/autonomousvehiclelab/isaac_ros-dev/install/motor_control_pkg:/home/agxorin1/autonomousvehiclelab/isaac_ros-dev/install/joint_state_publisher_gui:/home/agxorin1/autonomousvehiclelab/isaac_ros-dev/install/joint_state_publisher:/home/agxorin1/autonomousvehiclelab/isaac_ros-dev/install/image_stitcher:/home/agxorin1/autonomousvehiclelab/isaac_ros-dev/install/gps_package:/home/agxorin1/autonomousvehiclelab/isaac_ros-dev/install/camera_publishers:/opt/ros/humble:/home/agxorin1/autonomousvehiclelab/isaac_ros-dev/install/async_web_server_cpp:/home/agxorin1/autonomousvehiclelab/isaac_ros-dev/install/agv_car_gazebo /usr/bin/cmake /home/agxorin1/autonomousvehiclelab/isaac_ros-dev/src/data_logger -DCMAKE_INSTALL_PREFIX=/home/agxorin1/autonomousvehiclelab/isaac_ros-dev/src/install/data_logger
[2.905s] Invoking command in '/home/agxorin1/autonomousvehiclelab/isaac_ros-dev/src/build/data_logger': CMAKE_PREFIX_PATH=/home/agxorin1/autonomousvehiclelab/isaac_ros-dev/install/web_video_server:/home/agxorin1/autonomousvehiclelab/isaac_ros-dev/install/twist_mux:/home/agxorin1/autonomousvehiclelab/isaac_ros-dev/install/teleop_twist_joy:/home/agxorin1/autonomousvehiclelab/isaac_ros-dev/install/realsense2_description:/home/agxorin1/autonomousvehiclelab/isaac_ros-dev/install/realsense2_camera:/home/agxorin1/autonomousvehiclelab/isaac_ros-dev/install/realsense2_camera_msgs:/home/agxorin1/autonomousvehiclelab/isaac_ros-dev/install/new_car_description:/home/agxorin1/autonomousvehiclelab/isaac_ros-dev/install/agv_bot_description:/home/agxorin1/autonomousvehiclelab/isaac_ros-dev/install/data_logger:/home/agxorin1/autonomousvehiclelab/isaac_ros-dev/install/web_video_server_python:/home/agxorin1/autonomousvehiclelab/isaac_ros-dev/install/twist_converter:/home/agxorin1/autonomousvehiclelab/isaac_ros-dev/install/teleop_twist_keyboard:/home/agxorin1/autonomousvehiclelab/isaac_ros-dev/install/road_segmentation:/home/agxorin1/autonomousvehiclelab/isaac_ros-dev/install/realsense_obj_det:/home/agxorin1/autonomousvehiclelab/isaac_ros-dev/install/object_derek:/home/agxorin1/autonomousvehiclelab/isaac_ros-dev/install/object_avoidance:/home/agxorin1/autonomousvehiclelab/isaac_ros-dev/install/motor_control_pkg:/home/agxorin1/autonomousvehiclelab/isaac_ros-dev/install/joint_state_publisher_gui:/home/agxorin1/autonomousvehiclelab/isaac_ros-dev/install/joint_state_publisher:/home/agxorin1/autonomousvehiclelab/isaac_ros-dev/install/image_stitcher:/home/agxorin1/autonomousvehiclelab/isaac_ros-dev/install/gps_package:/home/agxorin1/autonomousvehiclelab/isaac_ros-dev/install/camera_publishers:/opt/ros/humble:/home/agxorin1/autonomousvehiclelab/isaac_ros-dev/install/async_web_server_cpp:/home/agxorin1/autonomousvehiclelab/isaac_ros-dev/install/agv_car_gazebo /usr/bin/cmake --build /home/agxorin1/autonomousvehiclelab/isaac_ros-dev/src/build/data_logger -- -j8 -l8
[3.006s] [ 50%] [32mBuilding CXX object CMakeFiles/data_logger_node2.dir/src/data_logger_node2.cpp.o[0m
[3.395s] [01m[K/home/agxorin1/autonomousvehiclelab/isaac_ros-dev/src/data_logger/src/data_logger_node2.cpp:13:10:[m[K [01;31m[Kfatal error: [m[Kmessage_filters/subscriber.hpp: No such file or directory
[3.395s]    13 | #include [01;31m[K<message_filters/subscriber.hpp>[m[K
[3.395s]       |          [01;31m[K^~~~~~~~~~~~~~~~~~~~~~~~~~~~~~~~[m[K
[3.396s] compilation terminated.
[3.399s] gmake[2]: *** [CMakeFiles/data_logger_node2.dir/build.make:76: CMakeFiles/data_logger_node2.dir/src/data_logger_node2.cpp.o] Error 1
[3.399s] gmake[1]: *** [CMakeFiles/Makefile2:137: CMakeFiles/data_logger_node2.dir/all] Error 2
[3.400s] gmake: *** [Makefile:146: all] Error 2
[3.406s] Invoked command in '/home/agxorin1/autonomousvehiclelab/isaac_ros-dev/src/build/data_logger' returned '2': CMAKE_PREFIX_PATH=/home/agxorin1/autonomousvehiclelab/isaac_ros-dev/install/web_video_server:/home/agxorin1/autonomousvehiclelab/isaac_ros-dev/install/twist_mux:/home/agxorin1/autonomousvehiclelab/isaac_ros-dev/install/teleop_twist_joy:/home/agxorin1/autonomousvehiclelab/isaac_ros-dev/install/realsense2_description:/home/agxorin1/autonomousvehiclelab/isaac_ros-dev/install/realsense2_camera:/home/agxorin1/autonomousvehiclelab/isaac_ros-dev/install/realsense2_camera_msgs:/home/agxorin1/autonomousvehiclelab/isaac_ros-dev/install/new_car_description:/home/agxorin1/autonomousvehiclelab/isaac_ros-dev/install/agv_bot_description:/home/agxorin1/autonomousvehiclelab/isaac_ros-dev/install/data_logger:/home/agxorin1/autonomousvehiclelab/isaac_ros-dev/install/web_video_server_python:/home/agxorin1/autonomousvehiclelab/isaac_ros-dev/install/twist_converter:/home/agxorin1/autonomousvehiclelab/isaac_ros-dev/install/teleop_twist_keyboard:/home/agxorin1/autonomousvehiclelab/isaac_ros-dev/install/road_segmentation:/home/agxorin1/autonomousvehiclelab/isaac_ros-dev/install/realsense_obj_det:/home/agxorin1/autonomousvehiclelab/isaac_ros-dev/install/object_derek:/home/agxorin1/autonomousvehiclelab/isaac_ros-dev/install/object_avoidance:/home/agxorin1/autonomousvehiclelab/isaac_ros-dev/install/motor_control_pkg:/home/agxorin1/autonomousvehiclelab/isaac_ros-dev/install/joint_state_publisher_gui:/home/agxorin1/autonomousvehiclelab/isaac_ros-dev/install/joint_state_publisher:/home/agxorin1/autonomousvehiclelab/isaac_ros-dev/install/image_stitcher:/home/agxorin1/autonomousvehiclelab/isaac_ros-dev/install/gps_package:/home/agxorin1/autonomousvehiclelab/isaac_ros-dev/install/camera_publishers:/opt/ros/humble:/home/agxorin1/autonomousvehiclelab/isaac_ros-dev/install/async_web_server_cpp:/home/agxorin1/autonomousvehiclelab/isaac_ros-dev/install/agv_car_gazebo /usr/bin/cmake --build /home/agxorin1/autonomousvehiclelab/isaac_ros-dev/src/build/data_logger -- -j8 -l8
