[ 25%] [32mBuilding CXX object CMakeFiles/publisher.dir/src/camera_pub.cpp.o[0m
[ 50%] [32mBuilding CXX object CMakeFiles/listener.dir/src/camera_simulator.cpp.o[0m
[01m[K/media/snow/Heavy_Duty/ros2_package/src/camera_mananger/src/camera_simulator.cpp:3:10:[m[K [01;31m[Kfatal error: [m[Kros/ros.h: No such file or directory
    3 | #include [01;31m[K<ros/ros.h>[m[K
      |          [01;31m[K^~~~~~~~~~~[m[K
compilation terminated.
gmake[2]: *** [CMakeFiles/listener.dir/build.make:76: CMakeFiles/listener.dir/src/camera_simulator.cpp.o] Error 1
gmake[1]: *** [CMakeFiles/Makefile2:139: CMakeFiles/listener.dir/all] Error 2
gmake[1]: *** Waiting for unfinished jobs....
In file included from [01m[K/media/snow/Heavy_Duty/ros2_package/src/camera_mananger/src/camera_pub.cpp:7[m[K:
[01m[K/opt/ros/humble/include/image_transport/image_transport/image_transport.h:32:89:[m[K [01;36m[Knote: [m[Kâ€˜[01m[K#pragma message: Warning: This header is deprecated. Use 'image_transport.hpp' instead[m[Kâ€™
   32 | #pragma message ("Warning: This header is deprecated. Use 'image_transport.hpp' instead"[01;36m[K)[m[K
      |                                                                                         [01;36m[K^[m[K
[01m[K/media/snow/Heavy_Duty/ros2_package/src/camera_mananger/src/camera_pub.cpp:[m[K In constructor â€˜[01m[KMinimalPublisher::MinimalPublisher()[m[Kâ€™:
[01m[K/media/snow/Heavy_Duty/ros2_package/src/camera_mananger/src/camera_pub.cpp:17:57:[m[K [01;31m[Kerror: [m[Kclass â€˜[01m[KMinimalPublisher[m[Kâ€™ does not have any field named â€˜[01m[Kcount_[m[Kâ€™
   17 |         MinimalPublisher() : Node("minimal_publisher"), [01;31m[Kcount_[m[K(0) {
      |                                                         [01;31m[K^~~~~~[m[K
[01m[K/media/snow/Heavy_Duty/ros2_package/src/camera_mananger/src/camera_pub.cpp:[m[K In member function â€˜[01m[Kvoid MinimalPublisher::timer_callback()[m[Kâ€™:
[01m[K/media/snow/Heavy_Duty/ros2_package/src/camera_mananger/src/camera_pub.cpp:33:26:[m[K [01;31m[Kerror: [m[Kâ€˜[01m[KImageConstPtr[m[Kâ€™ is not a member of â€˜[01m[Ksensor_msgs[m[Kâ€™
   33 |             sensor_msgs::[01;31m[KImageConstPtr[m[K img_msg;
      |                          [01;31m[K^~~~~~~~~~~~~[m[K
[01m[K/media/snow/Heavy_Duty/ros2_package/src/camera_mananger/src/camera_pub.cpp:41:17:[m[K [01;31m[Kerror: [m[Kâ€˜[01m[KROS_ERROR[m[Kâ€™ was not declared in this scope; did you mean â€˜[01m[KCV_ERROR[m[Kâ€™?
   41 |                 [01;31m[KROS_ERROR[m[K("Camera failed to open.");
      |                 [01;31m[K^~~~~~~~~[m[K
      |                 [32m[KCV_ERROR[m[K
[01m[K/media/snow/Heavy_Duty/ros2_package/src/camera_mananger/src/camera_pub.cpp:47:23:[m[K [01;31m[Kerror: [m[Kâ€˜[01m[KHeader[m[Kâ€™ is not a member of â€˜[01m[Kstd_msgs[m[Kâ€™; did you mean â€˜[01m[Kstd_msgs::msg::Header[m[Kâ€™?
   47 |             std_msgs::[01;31m[KHeader[m[K header;
      |                       [01;31m[K^~~~~~[m[K
In file included from [01m[K/opt/ros/humble/include/sensor_msgs/sensor_msgs/msg/detail/image__struct.hpp:20[m[K,
                 from [01m[K/opt/ros/humble/include/sensor_msgs/sensor_msgs/msg/image.hpp:7[m[K,
                 from [01m[K/opt/ros/humble/include/image_transport/image_transport/camera_publisher.hpp:38[m[K,
                 from [01m[K/opt/ros/humble/include/image_transport/image_transport/image_transport.hpp:39[m[K,
                 from [01m[K/opt/ros/humble/include/image_transport/image_transport/image_transport.h:34[m[K,
                 from [01m[K/media/snow/Heavy_Duty/ros2_package/src/camera_mananger/src/camera_pub.cpp:7[m[K:
[01m[K/opt/ros/humble/include/std_msgs/std_msgs/msg/detail/header__struct.hpp:140:7:[m[K [01;36m[Knote: [m[Kâ€˜[01m[Kstd_msgs::msg::Header[m[Kâ€™ declared here
  140 | using [01;36m[KHeader[m[K =
      |       [01;36m[K^~~~~~[m[K
[01m[K/media/snow/Heavy_Duty/ros2_package/src/camera_mananger/src/camera_pub.cpp:48:13:[m[K [01;31m[Kerror: [m[Kâ€˜[01m[Kheader[m[Kâ€™ was not declared in this scope
   48 |             [01;31m[Kheader[m[K.seq = counter;
      |             [01;31m[K^~~~~~[m[K
[01m[K/media/snow/Heavy_Duty/ros2_package/src/camera_mananger/src/camera_pub.cpp:49:28:[m[K [01;31m[Kerror: [m[Kâ€˜[01m[Kros[m[Kâ€™ has not been declared
   49 |             header.stamp = [01;31m[Kros[m[K::Time::now();
      |                            [01;31m[K^~~[m[K
[01m[K/media/snow/Heavy_Duty/ros2_package/src/camera_mananger/src/camera_pub.cpp:52:24:[m[K [01;31m[Kerror: [m[Kâ€˜[01m[Kusing SharedPtr = class std::shared_ptr<rclcpp::Publisher<sensor_msgs::msg::Image_<std::allocator<void> > > >[m[Kâ€™ {aka â€˜[01m[Kclass std::shared_ptr<rclcpp::Publisher<sensor_msgs::msg::Image_<std::allocator<void> > > >[m[Kâ€™} has no member named â€˜[01m[Kpublish[m[Kâ€™
   52 |             publisher_.[01;31m[Kpublish[m[K(*msg_.get());
      |                        [01;31m[K^~~~~~~[m[K
[01m[K/media/snow/Heavy_Duty/ros2_package/src/camera_mananger/src/camera_pub.cpp:[m[K In function â€˜[01m[Kint main(int, char**)[m[Kâ€™:
[01m[K/media/snow/Heavy_Duty/ros2_package/src/camera_mananger/src/camera_pub.cpp:60:34:[m[K [01;31m[Kerror: [m[Kâ€˜[01m[KMinimalImagePublisher[m[Kâ€™ was not declared in this scope; did you mean â€˜[01m[KMinimalPublisher[m[Kâ€™?
   60 |     auto node = std::make_shared<[01;31m[KMinimalImagePublisher[m[K>();
      |                                  [01;31m[K^~~~~~~~~~~~~~~~~~~~~[m[K
      |                                  [32m[KMinimalPublisher[m[K
[01m[K/media/snow/Heavy_Duty/ros2_package/src/camera_mananger/src/camera_pub.cpp:60:56:[m[K [01;31m[Kerror: [m[Kno matching function for call to â€˜[01m[Kmake_shared<<expression error> >()[m[Kâ€™
   60 |     auto node = [01;31m[Kstd::make_shared<MinimalImagePublisher>()[m[K;
      |                 [01;31m[K~~~~~~~~~~~~~~~~~~~~~~~~~~~~~~~~~~~~~~~^~[m[K
In file included from [01m[K/usr/include/c++/11/memory:77[m[K,
                 from [01m[K/media/snow/Heavy_Duty/ros2_package/src/camera_mananger/src/camera_pub.cpp:1[m[K:
[01m[K/usr/include/c++/11/bits/shared_ptr.h:875:5:[m[K [01;36m[Knote: [m[Kcandidate: â€˜[01m[Ktemplate<class _Tp, class ... _Args> std::shared_ptr<_Tp> std::make_shared(_Args&& ...)[m[Kâ€™
  875 |     [01;36m[Kmake_shared[m[K(_Args&&... __args)
      |     [01;36m[K^~~~~~~~~~~[m[K
[01m[K/usr/include/c++/11/bits/shared_ptr.h:875:5:[m[K [01;36m[Knote: [m[K  template argument deduction/substitution failed:
[01m[K/media/snow/Heavy_Duty/ros2_package/src/camera_mananger/src/camera_pub.cpp:60:56:[m[K [01;31m[Kerror: [m[Ktemplate argument 1 is invalid
   60 |     auto node = [01;31m[Kstd::make_shared<MinimalImagePublisher>()[m[K;
      |                 [01;31m[K~~~~~~~~~~~~~~~~~~~~~~~~~~~~~~~~~~~~~~~^~[m[K
[01m[K/media/snow/Heavy_Duty/ros2_package/src/camera_mananger/src/camera_pub.cpp:61:13:[m[K [01;31m[Kerror: [m[Kâ€˜[01m[Kspin[m[Kâ€™ is not a member of â€˜[01m[Krclcpp[m[Kâ€™
   61 |     rclcpp::[01;31m[Kspin[m[K(node);
      |             [01;31m[K^~~~[m[K
gmake[2]: *** [CMakeFiles/publisher.dir/build.make:76: CMakeFiles/publisher.dir/src/camera_pub.cpp.o] Error 1
gmake[1]: *** [CMakeFiles/Makefile2:165: CMakeFiles/publisher.dir/all] Error 2
gmake: *** [Makefile:146: all] Error 2
