In file included from [01m[K/media/snow/Heavy_Duty/ros2_package/src/camera_mananger/src/camera_simulator.cpp:4[m[K:
[01m[K/opt/ros/humble/include/image_transport/image_transport/image_transport.h:32:89:[m[K [01;36m[Knote: [m[Kâ€˜[01m[K#pragma message: Warning: This header is deprecated. Use 'image_transport.hpp' instead[m[Kâ€™
   32 | #pragma message ("Warning: This header is deprecated. Use 'image_transport.hpp' instead"[01;36m[K)[m[K
      |                                                                                         [01;36m[K^[m[K
In file included from [01m[K/media/snow/Heavy_Duty/ros2_package/src/camera_mananger/src/camera_pub.cpp:7[m[K:
[01m[K/opt/ros/humble/include/image_transport/image_transport/image_transport.h:32:89:[m[K [01;36m[Knote: [m[Kâ€˜[01m[K#pragma message: Warning: This header is deprecated. Use 'image_transport.hpp' instead[m[Kâ€™
   32 | #pragma message ("Warning: This header is deprecated. Use 'image_transport.hpp' instead"[01;36m[K)[m[K
      |                                                                                         [01;36m[K^[m[K
[01m[K/media/snow/Heavy_Duty/ros2_package/src/camera_mananger/src/camera_pub.cpp:[m[K In member function â€˜[01m[Kvoid MinimalPublisher::timer_callback()[m[Kâ€™:
[01m[K/media/snow/Heavy_Duty/ros2_package/src/camera_mananger/src/camera_pub.cpp:51:20:[m[K [01;31m[Kerror: [m[Kâ€˜[01m[Kusing Header = struct std_msgs::msg::Header_<std::allocator<void> >[m[Kâ€™ {aka â€˜[01m[Kstruct std_msgs::msg::Header_<std::allocator<void> >[m[Kâ€™} has no member named â€˜[01m[Kseq[m[Kâ€™
   51 |             header.[01;31m[Kseq[m[K = counter;
      |                    [01;31m[K^~~[m[K
[01m[K/media/snow/Heavy_Duty/ros2_package/src/camera_mananger/src/camera_pub.cpp:52:36:[m[K [01;31m[Kerror: [m[Kexpected unqualified-id before â€˜[01m[Kthis[m[Kâ€™
   52 |             header.stamp = rclcpp::[01;31m[Kthis[m[K::now();
      |                                    [01;31m[K^~~~[m[K
In file included from [01m[K/opt/ros/humble/include/rclcpp/rclcpp/logging.hpp:24[m[K,
                 from [01m[K/opt/ros/humble/include/rclcpp/rclcpp/client.hpp:40[m[K,
                 from [01m[K/opt/ros/humble/include/rclcpp/rclcpp/callback_group.hpp:24[m[K,
                 from [01m[K/opt/ros/humble/include/rclcpp/rclcpp/node.hpp:40[m[K,
                 from [01m[K/opt/ros/humble/include/image_transport/image_transport/image_transport.hpp:37[m[K,
                 from [01m[K/opt/ros/humble/include/image_transport/image_transport/image_transport.h:34[m[K,
                 from [01m[K/media/snow/Heavy_Duty/ros2_package/src/camera_mananger/src/camera_simulator.cpp:4[m[K:
[01m[K/media/snow/Heavy_Duty/ros2_package/src/camera_mananger/src/camera_simulator.cpp:[m[K In member function â€˜[01m[Kvoid FrameMangSub::topic_callback(const Image&)[m[Kâ€™:
[01m[K/media/snow/Heavy_Duty/ros2_package/src/camera_mananger/src/camera_simulator.cpp:43:58:[m[K [01;35m[Kwarning: [m[Kformat â€˜[01m[K%s[m[Kâ€™ expects argument of type â€˜[01m[Kchar*[m[Kâ€™, but argument 5 has type â€˜[01m[Kstd::string[m[Kâ€™ {aka â€˜[01m[Kstd::__cxx11::basic_string<char>[m[Kâ€™} [[01;35m[K]8;;https://gcc.gnu.org/onlinedocs/gcc/Warning-Options.html#index-Wformat=-Wformat=]8;;[m[K]
   43 |                         RCLCPP_DEBUG(this->get_logger(), [01;35m[K"%s"[m[K, result);
      |                                                          [01;35m[K^~~~[m[K
[01m[K/media/snow/Heavy_Duty/ros2_package/src/camera_mananger/src/camera_simulator.cpp:43:60:[m[K [01;36m[Knote: [m[Kformat string is defined here
   43 |                         RCLCPP_DEBUG(this->get_logger(), "[01;36m[K%s[m[K", result);
      |                                                           [01;36m[K~^[m[K
      |                                                            [01;36m[K|[m[K
      |                                                            [01;36m[Kchar*[m[K
gmake[2]: *** [CMakeFiles/publisher.dir/build.make:76: CMakeFiles/publisher.dir/src/camera_pub.cpp.o] Error 1
gmake[1]: *** [CMakeFiles/Makefile2:165: CMakeFiles/publisher.dir/all] Error 2
gmake[1]: *** Waiting for unfinished jobs....
gmake: *** [Makefile:146: all] Error 2
