[0.005s] Invoking command in '/media/snow/Heavy_Duty/ros2_package/src/camera_mananger/build/camera_mananger': CMAKE_PREFIX_PATH=/opt/ros/humble /usr/bin/cmake --build /media/snow/Heavy_Duty/ros2_package/src/camera_mananger/build/camera_mananger -- -j4 -l4
[0.028s] [35m[1mConsolidate compiler generated dependencies of target listener[0m
[0.028s] [35m[1mConsolidate compiler generated dependencies of target publisher[0m
[0.041s] [ 50%] [32mBuilding CXX object CMakeFiles/publisher.dir/src/camera_pub.cpp.o[0m
[0.042s] [ 50%] [32mBuilding CXX object CMakeFiles/listener.dir/src/camera_simulator.cpp.o[0m
[0.300s] In file included from [01m[K/media/snow/Heavy_Duty/ros2_package/src/camera_mananger/src/camera_simulator.cpp:4[m[K:
[0.300s] [01m[K/opt/ros/humble/include/image_transport/image_transport/image_transport.h:32:89:[m[K [01;36m[Knote: [m[Kâ€˜[01m[K#pragma message: Warning: This header is deprecated. Use 'image_transport.hpp' instead[m[Kâ€™
[0.300s]    32 | #pragma message ("Warning: This header is deprecated. Use 'image_transport.hpp' instead"[01;36m[K)[m[K
[0.300s]       |                                                                                         [01;36m[K^[m[K
[0.361s] In file included from [01m[K/media/snow/Heavy_Duty/ros2_package/src/camera_mananger/src/camera_pub.cpp:7[m[K:
[0.361s] [01m[K/opt/ros/humble/include/image_transport/image_transport/image_transport.h:32:89:[m[K [01;36m[Knote: [m[Kâ€˜[01m[K#pragma message: Warning: This header is deprecated. Use 'image_transport.hpp' instead[m[Kâ€™
[0.361s]    32 | #pragma message ("Warning: This header is deprecated. Use 'image_transport.hpp' instead"[01;36m[K)[m[K
[0.361s]       |                                                                                         [01;36m[K^[m[K
[1.510s] [01m[K/media/snow/Heavy_Duty/ros2_package/src/camera_mananger/src/camera_pub.cpp:[m[K In member function â€˜[01m[Kvoid MinimalPublisher::timer_callback()[m[Kâ€™:
[1.510s] [01m[K/media/snow/Heavy_Duty/ros2_package/src/camera_mananger/src/camera_pub.cpp:36:26:[m[K [01;31m[Kerror: [m[Kâ€˜[01m[KImageConstPtr[m[Kâ€™ is not a member of â€˜[01m[Ksensor_msgs[m[Kâ€™
[1.510s]    36 |             sensor_msgs::[01;31m[KImageConstPtr[m[K img_msg;
[1.510s]       |                          [01;31m[K^~~~~~~~~~~~~[m[K
[1.520s] [01m[K/media/snow/Heavy_Duty/ros2_package/src/camera_mananger/src/camera_pub.cpp:44:17:[m[K [01;31m[Kerror: [m[Kâ€˜[01m[KROS_ERROR[m[Kâ€™ was not declared in this scope; did you mean â€˜[01m[KCV_ERROR[m[Kâ€™?
[1.521s]    44 |                 [01;31m[KROS_ERROR[m[K("Camera failed to open.");
[1.521s]       |                 [01;31m[K^~~~~~~~~[m[K
[1.521s]       |                 [32m[KCV_ERROR[m[K
[1.521s] [01m[K/media/snow/Heavy_Duty/ros2_package/src/camera_mananger/src/camera_pub.cpp:51:20:[m[K [01;31m[Kerror: [m[Kâ€˜[01m[Kusing Header = struct std_msgs::msg::Header_<std::allocator<void> >[m[Kâ€™ {aka â€˜[01m[Kstruct std_msgs::msg::Header_<std::allocator<void> >[m[Kâ€™} has no member named â€˜[01m[Kseq[m[Kâ€™
[1.521s]    51 |             header.[01;31m[Kseq[m[K = counter;
[1.521s]       |                    [01;31m[K^~~[m[K
[1.521s] [01m[K/media/snow/Heavy_Duty/ros2_package/src/camera_mananger/src/camera_pub.cpp:52:59:[m[K [01;31m[Kerror: [m[Kno match for â€˜[01m[Koperator=[m[Kâ€™ (operand types are â€˜[01m[Kstd_msgs::msg::Header_<std::allocator<void> >::_stamp_type[m[Kâ€™ {aka â€˜[01m[Kbuiltin_interfaces::msg::Time_<std::allocator<void> >[m[Kâ€™} and â€˜[01m[Kstd::chrono::_V2::steady_clock::time_point[m[Kâ€™ {aka â€˜[01m[Kstd::chrono::time_point<std::chrono::_V2::steady_clock, std::chrono::duration<long int, std::ratio<1, 1000000000> > >[m[Kâ€™})
[1.521s]    52 |             header.stamp = std::chrono::steady_clock::now([01;31m[K)[m[K;
[1.521s]       |                                                           [01;31m[K^[m[K
[1.521s] In file included from [01m[K/opt/ros/humble/include/rcl_interfaces/rcl_interfaces/msg/detail/parameter_event__struct.hpp:20[m[K,
[1.521s]                  from [01m[K/opt/ros/humble/include/rcl_interfaces/rcl_interfaces/msg/parameter_event.hpp:7[m[K,
[1.521s]                  from [01m[K/opt/ros/humble/include/rclcpp/rclcpp/node.hpp:37[m[K,
[1.521s]                  from [01m[K/opt/ros/humble/include/image_transport/image_transport/image_transport.hpp:37[m[K,
[1.521s]                  from [01m[K/opt/ros/humble/include/image_transport/image_transport/image_transport.h:34[m[K,
[1.521s]                  from [01m[K/media/snow/Heavy_Duty/ros2_package/src/camera_mananger/src/camera_pub.cpp:7[m[K:
[1.521s] [01m[K/opt/ros/humble/include/builtin_interfaces/builtin_interfaces/msg/detail/time__struct.hpp:32:8:[m[K [01;36m[Knote: [m[Kcandidate: â€˜[01m[Kconstexpr builtin_interfaces::msg::Time_<std::allocator<void> >& builtin_interfaces::msg::Time_<std::allocator<void> >::operator=(const builtin_interfaces::msg::Time_<std::allocator<void> >&)[m[Kâ€™
[1.521s]    32 | struct [01;36m[KTime_[m[K
[1.521s]       |        [01;36m[K^~~~~[m[K
[1.521s] [01m[K/opt/ros/humble/include/builtin_interfaces/builtin_interfaces/msg/detail/time__struct.hpp:32:8:[m[K [01;36m[Knote: [m[K  no known conversion for argument 1 from â€˜[01m[Kstd::chrono::_V2::steady_clock::time_point[m[Kâ€™ {aka â€˜[01m[Kstd::chrono::time_point<std::chrono::_V2::steady_clock, std::chrono::duration<long int, std::ratio<1, 1000000000> > >[m[Kâ€™} to â€˜[01m[Kconst builtin_interfaces::msg::Time_<std::allocator<void> >&[m[Kâ€™
[1.521s] [01m[K/opt/ros/humble/include/builtin_interfaces/builtin_interfaces/msg/detail/time__struct.hpp:32:8:[m[K [01;36m[Knote: [m[Kcandidate: â€˜[01m[Kconstexpr builtin_interfaces::msg::Time_<std::allocator<void> >& builtin_interfaces::msg::Time_<std::allocator<void> >::operator=(builtin_interfaces::msg::Time_<std::allocator<void> >&&)[m[Kâ€™
[1.521s] [01m[K/opt/ros/humble/include/builtin_interfaces/builtin_interfaces/msg/detail/time__struct.hpp:32:8:[m[K [01;36m[Knote: [m[K  no known conversion for argument 1 from â€˜[01m[Kstd::chrono::_V2::steady_clock::time_point[m[Kâ€™ {aka â€˜[01m[Kstd::chrono::time_point<std::chrono::_V2::steady_clock, std::chrono::duration<long int, std::ratio<1, 1000000000> > >[m[Kâ€™} to â€˜[01m[Kbuiltin_interfaces::msg::Time_<std::allocator<void> >&&[m[Kâ€™
[1.691s] [01m[K/media/snow/Heavy_Duty/ros2_package/src/camera_mananger/src/camera_simulator.cpp:[m[K In member function â€˜[01m[Kvoid FrameMangSub::topic_callback(const Image&)[m[Kâ€™:
[1.691s] [01m[K/media/snow/Heavy_Duty/ros2_package/src/camera_mananger/src/camera_simulator.cpp:31:67:[m[K [01;31m[Kerror: [m[Kâ€˜[01m[Ksensor[m[Kâ€™ has not been declared
[1.691s]    31 |                                 cv_ptr = cv_bridge::toCvCopy(msg, [01;31m[Ksensor[m[K::msgs::image_encodings::BGR8);
[1.691s]       |                                                                   [01;31m[K^~~~~~[m[K
[1.691s] [01m[K/media/snow/Heavy_Duty/ros2_package/src/camera_mananger/src/camera_simulator.cpp:32:45:[m[K [01;31m[Kerror: [m[Kâ€˜[01m[KExceptions[m[Kâ€™ in namespace â€˜[01m[Kcv_bridge[m[Kâ€™ does not name a type; did you mean â€˜[01m[KException[m[Kâ€™?
[1.691s]    32 |                         } catch (cv_bridge::[01;31m[KExceptions[m[K& e) {
[1.691s]       |                                             [01;31m[K^~~~~~~~~~[m[K
[1.691s]       |                                             [32m[KException[m[K
[1.698s] [01m[K/media/snow/Heavy_Duty/ros2_package/src/camera_mananger/src/camera_simulator.cpp:33:70:[m[K [01;31m[Kerror: [m[Kâ€˜[01m[Ke[m[Kâ€™ was not declared in this scope
[1.698s]    33 |                                 ROS_ERROR("cv_bridge execption: %s", [01;31m[Ke[m[K.what());
[1.698s]       |                                                                      [01;31m[K^[m[K
[1.710s] [01m[K/media/snow/Heavy_Duty/ros2_package/src/camera_mananger/src/camera_simulator.cpp:33:33:[m[K [01;31m[Kerror: [m[Kâ€˜[01m[KROS_ERROR[m[Kâ€™ was not declared in this scope; did you mean â€˜[01m[KCV_ERROR[m[Kâ€™?
[1.710s]    33 |                                 [01;31m[KROS_ERROR[m[K("cv_bridge execption: %s", e.what());
[1.710s]       |                                 [01;31m[K^~~~~~~~~[m[K
[1.710s]       |                                 [32m[KCV_ERROR[m[K
[1.710s] [01m[K/media/snow/Heavy_Duty/ros2_package/src/camera_mananger/src/camera_simulator.cpp:42:50:[m[K [01;31m[Kerror: [m[Kno match for call to â€˜[01m[K(cv::Mat) ()[m[Kâ€™
[1.710s]    42 |                         cv::imwrite([01;31m[Kcv_ptr->image()[m[K, result);
[1.710s]       |                                     [01;31m[K~~~~~~~~~~~~~^~[m[K
[1.710s] In file included from [01m[K/usr/include/opencv4/opencv2/core/mat.hpp:3764[m[K,
[1.710s]                  from [01m[K/usr/include/opencv4/opencv2/core.hpp:58[m[K,
[1.710s]                  from [01m[K/usr/include/opencv4/opencv2/imgproc.hpp:46[m[K,
[1.710s]                  from [01m[K/usr/include/opencv4/opencv2/imgproc/imgproc.hpp:48[m[K,
[1.710s]                  from [01m[K/media/snow/Heavy_Duty/ros2_package/src/camera_mananger/src/camera_simulator.cpp:6[m[K:
[1.710s] [01m[K/usr/include/opencv4/opencv2/core/mat.inl.hpp:631:5:[m[K [01;36m[Knote: [m[Kcandidate: â€˜[01m[Kcv::Mat cv::Mat::operator()(cv::Range, cv::Range) const[m[Kâ€™
[1.710s]   631 | Mat [01;36m[KMat[m[K::operator()( Range _rowRange, Range _colRange ) const
[1.710s]       |     [01;36m[K^~~[m[K
[1.712s] [01m[K/usr/include/opencv4/opencv2/core/mat.inl.hpp:631:5:[m[K [01;36m[Knote: [m[K  candidate expects 2 arguments, 0 provided
[1.712s] [01m[K/usr/include/opencv4/opencv2/core/mat.inl.hpp:637:5:[m[K [01;36m[Knote: [m[Kcandidate: â€˜[01m[Kcv::Mat cv::Mat::operator()(const Rect&) const[m[Kâ€™
[1.712s]   637 | Mat [01;36m[KMat[m[K::operator()( const Rect& roi ) const
[1.712s]       |     [01;36m[K^~~[m[K
[1.712s] [01m[K/usr/include/opencv4/opencv2/core/mat.inl.hpp:637:5:[m[K [01;36m[Knote: [m[K  candidate expects 1 argument, 0 provided
[1.712s] [01m[K/usr/include/opencv4/opencv2/core/mat.inl.hpp:643:5:[m[K [01;36m[Knote: [m[Kcandidate: â€˜[01m[Kcv::Mat cv::Mat::operator()(const cv::Range*) const[m[Kâ€™
[1.712s]   643 | Mat [01;36m[KMat[m[K::operator()(const Range* ranges) const
[1.712s]       |     [01;36m[K^~~[m[K
[1.713s] [01m[K/usr/include/opencv4/opencv2/core/mat.inl.hpp:643:5:[m[K [01;36m[Knote: [m[K  candidate expects 1 argument, 0 provided
[1.713s] [01m[K/usr/include/opencv4/opencv2/core/mat.inl.hpp:649:5:[m[K [01;36m[Knote: [m[Kcandidate: â€˜[01m[Kcv::Mat cv::Mat::operator()(const std::vector<cv::Range>&) const[m[Kâ€™
[1.713s]   649 | Mat [01;36m[KMat[m[K::operator()(const std::vector<Range>& ranges) const
[1.713s]       |     [01;36m[K^~~[m[K
[1.713s] [01m[K/usr/include/opencv4/opencv2/core/mat.inl.hpp:649:5:[m[K [01;36m[Knote: [m[K  candidate expects 1 argument, 0 provided
[1.725s] [01m[K/media/snow/Heavy_Duty/ros2_package/src/camera_mananger/src/camera_simulator.cpp:43:25:[m[K [01;31m[Kerror: [m[Kâ€˜[01m[KROS_DEBUG[m[Kâ€™ was not declared in this scope
[1.725s]    43 |                         [01;31m[KROS_DEBUG[m[K("%s has been saved.", result);
[1.725s]       |                         [01;31m[K^~~~~~~~~[m[K
[2.148s] gmake[2]: *** [CMakeFiles/publisher.dir/build.make:76: CMakeFiles/publisher.dir/src/camera_pub.cpp.o] Error 1
[2.148s] gmake[1]: *** [CMakeFiles/Makefile2:165: CMakeFiles/publisher.dir/all] Error 2
[2.148s] gmake[1]: *** Waiting for unfinished jobs....
[2.757s] gmake[2]: *** [CMakeFiles/listener.dir/build.make:76: CMakeFiles/listener.dir/src/camera_simulator.cpp.o] Error 1
[2.758s] gmake[1]: *** [CMakeFiles/Makefile2:139: CMakeFiles/listener.dir/all] Error 2
[2.758s] gmake: *** [Makefile:146: all] Error 2
[2.760s] Invoked command in '/media/snow/Heavy_Duty/ros2_package/src/camera_mananger/build/camera_mananger' returned '2': CMAKE_PREFIX_PATH=/opt/ros/humble /usr/bin/cmake --build /media/snow/Heavy_Duty/ros2_package/src/camera_mananger/build/camera_mananger -- -j4 -l4
