[0.005s] Invoking command in '/media/snow/Heavy_Duty/ros2_package/src/camera_mananger/build/camera_mananger': CMAKE_PREFIX_PATH=${CMAKE_PREFIX_PATH}:/opt/ros/humble /usr/bin/cmake --build /media/snow/Heavy_Duty/ros2_package/src/camera_mananger/build/camera_mananger -- -j4 -l4
[0.029s] [35m[1mConsolidate compiler generated dependencies of target publisher[0m
[0.034s] [ 25%] [32mBuilding CXX object CMakeFiles/listener.dir/src/camera_simulator.cpp.o[0m
[0.037s] [ 50%] [32mBuilding CXX object CMakeFiles/publisher.dir/src/camera_pub.cpp.o[0m
[0.087s] [01m[K/media/snow/Heavy_Duty/ros2_package/src/camera_mananger/src/camera_simulator.cpp:3:10:[m[K [01;31m[Kfatal error: [m[Kros/ros.h: No such file or directory
[0.087s]     3 | #include [01;31m[K<ros/ros.h>[m[K
[0.087s]       |          [01;31m[K^~~~~~~~~~~[m[K
[0.087s] compilation terminated.
[0.089s] gmake[2]: *** [CMakeFiles/listener.dir/build.make:76: CMakeFiles/listener.dir/src/camera_simulator.cpp.o] Error 1
[0.089s] gmake[1]: *** [CMakeFiles/Makefile2:139: CMakeFiles/listener.dir/all] Error 2
[0.089s] gmake[1]: *** Waiting for unfinished jobs....
[0.329s] In file included from [01m[K/media/snow/Heavy_Duty/ros2_package/src/camera_mananger/src/camera_pub.cpp:7[m[K:
[0.329s] [01m[K/opt/ros/humble/include/image_transport/image_transport/image_transport.h:32:89:[m[K [01;36m[Knote: [m[Kâ€˜[01m[K#pragma message: Warning: This header is deprecated. Use 'image_transport.hpp' instead[m[Kâ€™
[0.329s]    32 | #pragma message ("Warning: This header is deprecated. Use 'image_transport.hpp' instead"[01;36m[K)[m[K
[0.329s]       |                                                                                         [01;36m[K^[m[K
[1.377s] [01m[K/media/snow/Heavy_Duty/ros2_package/src/camera_mananger/src/camera_pub.cpp:[m[K In constructor â€˜[01m[KMinimalPublisher::MinimalPublisher()[m[Kâ€™:
[1.377s] [01m[K/media/snow/Heavy_Duty/ros2_package/src/camera_mananger/src/camera_pub.cpp:20:57:[m[K [01;31m[Kerror: [m[Kclass â€˜[01m[KMinimalPublisher[m[Kâ€™ does not have any field named â€˜[01m[Kcount_[m[Kâ€™
[1.377s]    20 |         MinimalPublisher() : Node("minimal_publisher"), [01;31m[Kcount_[m[K(0) {
[1.377s]       |                                                         [01;31m[K^~~~~~[m[K
[1.384s] [01m[K/media/snow/Heavy_Duty/ros2_package/src/camera_mananger/src/camera_pub.cpp:[m[K In member function â€˜[01m[Kvoid MinimalPublisher::timer_callback()[m[Kâ€™:
[1.384s] [01m[K/media/snow/Heavy_Duty/ros2_package/src/camera_mananger/src/camera_pub.cpp:36:26:[m[K [01;31m[Kerror: [m[Kâ€˜[01m[KImageConstPtr[m[Kâ€™ is not a member of â€˜[01m[Ksensor_msgs[m[Kâ€™
[1.384s]    36 |             sensor_msgs::[01;31m[KImageConstPtr[m[K img_msg;
[1.384s]       |                          [01;31m[K^~~~~~~~~~~~~[m[K
[1.393s] [01m[K/media/snow/Heavy_Duty/ros2_package/src/camera_mananger/src/camera_pub.cpp:44:17:[m[K [01;31m[Kerror: [m[Kâ€˜[01m[KROS_ERROR[m[Kâ€™ was not declared in this scope; did you mean â€˜[01m[KCV_ERROR[m[Kâ€™?
[1.393s]    44 |                 [01;31m[KROS_ERROR[m[K("Camera failed to open.");
[1.393s]       |                 [01;31m[K^~~~~~~~~[m[K
[1.393s]       |                 [32m[KCV_ERROR[m[K
[1.394s] [01m[K/media/snow/Heavy_Duty/ros2_package/src/camera_mananger/src/camera_pub.cpp:50:23:[m[K [01;31m[Kerror: [m[Kâ€˜[01m[KHeader[m[Kâ€™ is not a member of â€˜[01m[Kstd_msgs[m[Kâ€™; did you mean â€˜[01m[Kstd_msgs::msg::Header[m[Kâ€™?
[1.394s]    50 |             std_msgs::[01;31m[KHeader[m[K header;
[1.394s]       |                       [01;31m[K^~~~~~[m[K
[1.394s] In file included from [01m[K/opt/ros/humble/include/sensor_msgs/sensor_msgs/msg/detail/image__struct.hpp:20[m[K,
[1.394s]                  from [01m[K/opt/ros/humble/include/sensor_msgs/sensor_msgs/msg/image.hpp:7[m[K,
[1.394s]                  from [01m[K/opt/ros/humble/include/image_transport/image_transport/camera_publisher.hpp:38[m[K,
[1.394s]                  from [01m[K/opt/ros/humble/include/image_transport/image_transport/image_transport.hpp:39[m[K,
[1.394s]                  from [01m[K/opt/ros/humble/include/image_transport/image_transport/image_transport.h:34[m[K,
[1.394s]                  from [01m[K/media/snow/Heavy_Duty/ros2_package/src/camera_mananger/src/camera_pub.cpp:7[m[K:
[1.394s] [01m[K/opt/ros/humble/include/std_msgs/std_msgs/msg/detail/header__struct.hpp:140:7:[m[K [01;36m[Knote: [m[Kâ€˜[01m[Kstd_msgs::msg::Header[m[Kâ€™ declared here
[1.394s]   140 | using [01;36m[KHeader[m[K =
[1.394s]       |       [01;36m[K^~~~~~[m[K
[1.402s] [01m[K/media/snow/Heavy_Duty/ros2_package/src/camera_mananger/src/camera_pub.cpp:51:13:[m[K [01;31m[Kerror: [m[Kâ€˜[01m[Kheader[m[Kâ€™ was not declared in this scope
[1.402s]    51 |             [01;31m[Kheader[m[K.seq = counter;
[1.402s]       |             [01;31m[K^~~~~~[m[K
[1.402s] [01m[K/media/snow/Heavy_Duty/ros2_package/src/camera_mananger/src/camera_pub.cpp:52:42:[m[K [01;31m[Kerror: [m[Kâ€˜[01m[Know[m[Kâ€™ is not a member of â€˜[01m[Krclcpp::Time[m[Kâ€™
[1.402s]    52 |             header.stamp = rclcpp::Time::[01;31m[Know[m[K();
[1.402s]       |                                          [01;31m[K^~~[m[K
[1.960s] gmake[2]: *** [CMakeFiles/publisher.dir/build.make:76: CMakeFiles/publisher.dir/src/camera_pub.cpp.o] Error 1
[1.960s] gmake[1]: *** [CMakeFiles/Makefile2:165: CMakeFiles/publisher.dir/all] Error 2
[1.960s] gmake: *** [Makefile:146: all] Error 2
[1.962s] Invoked command in '/media/snow/Heavy_Duty/ros2_package/src/camera_mananger/build/camera_mananger' returned '2': CMAKE_PREFIX_PATH=${CMAKE_PREFIX_PATH}:/opt/ros/humble /usr/bin/cmake --build /media/snow/Heavy_Duty/ros2_package/src/camera_mananger/build/camera_mananger -- -j4 -l4
