In file included from [01m[K/home/agxorin1/autonomousvehiclelab/isaac_ros-dev/src/twist_mux/include/twist_mux/twist_mux_diagnostics_status.hpp:39[m[K,
                 from [01m[K/home/agxorin1/autonomousvehiclelab/isaac_ros-dev/src/twist_mux/include/twist_mux/twist_mux_diagnostics.hpp:38[m[K,
                 from [01m[K/home/agxorin1/autonomousvehiclelab/isaac_ros-dev/src/twist_mux/src/twist_mux_diagnostics.cpp:35[m[K:
[01m[K/home/agxorin1/autonomousvehiclelab/isaac_ros-dev/src/twist_mux/include/twist_mux/topic_handle.hpp:[m[K In member function â€˜[01m[Kvoid twist_mux::LockTopicHandle::callback(std_msgs::msg::Bool_<std::allocator<void> >::ConstSharedPtr)[m[Kâ€™:
[01m[K/home/agxorin1/autonomousvehiclelab/isaac_ros-dev/src/twist_mux/include/twist_mux/topic_handle.hpp:235:24:[m[K [01;31m[Kerror: [m[Kâ€˜[01m[Kclass twist_mux::TwistMux[m[Kâ€™ has no member named â€˜[01m[Kros_time_is_active[m[Kâ€™
  235 |     std::cout << mux_->[01;31m[Kros_time_is_active[m[K() << std::endl;
      |                        [01;31m[K^~~~~~~~~~~~~~~~~~[m[K
In file included from [01m[K/home/agxorin1/autonomousvehiclelab/isaac_ros-dev/src/twist_mux/src/twist_mux.cpp:36[m[K:
[01m[K/home/agxorin1/autonomousvehiclelab/isaac_ros-dev/src/twist_mux/include/twist_mux/topic_handle.hpp:[m[K In member function â€˜[01m[Kvoid twist_mux::LockTopicHandle::callback(std_msgs::msg::Bool_<std::allocator<void> >::ConstSharedPtr)[m[Kâ€™:
[01m[K/home/agxorin1/autonomousvehiclelab/isaac_ros-dev/src/twist_mux/include/twist_mux/topic_handle.hpp:235:24:[m[K [01;31m[Kerror: [m[Kâ€˜[01m[Kclass twist_mux::TwistMux[m[Kâ€™ has no member named â€˜[01m[Kros_time_is_active[m[Kâ€™
  235 |     std::cout << mux_->[01;31m[Kros_time_is_active[m[K() << std::endl;
      |                        [01;31m[K^~~~~~~~~~~~~~~~~~[m[K
gmake[2]: *** [CMakeFiles/twist_mux.dir/build.make:104: CMakeFiles/twist_mux.dir/src/twist_mux_diagnostics.cpp.o] Error 1
gmake[2]: *** Waiting for unfinished jobs....
gmake[2]: *** [CMakeFiles/twist_mux.dir/build.make:76: CMakeFiles/twist_mux.dir/src/twist_mux.cpp.o] Error 1
gmake[1]: *** [CMakeFiles/Makefile2:139: CMakeFiles/twist_mux.dir/all] Error 2
gmake: *** [Makefile:146: all] Error 2
