[0.021s] Invoking command in '/home/agxorin1/autonomousvehiclelab/isaac_ros-dev/src/build/twist_mux': CMAKE_PREFIX_PATH=${CMAKE_PREFIX_PATH}:/opt/ros/humble /usr/bin/cmake --build /home/agxorin1/autonomousvehiclelab/isaac_ros-dev/src/build/twist_mux -- -j8 -l8
[0.105s] [35m[1mConsolidate compiler generated dependencies of target twist_mux[0m
[0.129s] [ 33%] Built target twist_marker
[0.149s] [ 66%] [32mBuilding CXX object CMakeFiles/twist_mux.dir/src/twist_mux_diagnostics.cpp.o[0m
[0.149s] [ 66%] [32mBuilding CXX object CMakeFiles/twist_mux.dir/src/twist_mux.cpp.o[0m
[5.338s] In file included from [01m[K/home/agxorin1/autonomousvehiclelab/isaac_ros-dev/src/twist_mux/include/twist_mux/twist_mux_diagnostics_status.hpp:39[m[K,
[5.339s]                  from [01m[K/home/agxorin1/autonomousvehiclelab/isaac_ros-dev/src/twist_mux/include/twist_mux/twist_mux_diagnostics.hpp:38[m[K,
[5.339s]                  from [01m[K/home/agxorin1/autonomousvehiclelab/isaac_ros-dev/src/twist_mux/src/twist_mux_diagnostics.cpp:35[m[K:
[5.339s] [01m[K/home/agxorin1/autonomousvehiclelab/isaac_ros-dev/src/twist_mux/include/twist_mux/topic_handle.hpp:[m[K In member function â€˜[01m[Kvoid twist_mux::LockTopicHandle::callback(std_msgs::msg::Bool_<std::allocator<void> >::ConstSharedPtr)[m[Kâ€™:
[5.339s] [01m[K/home/agxorin1/autonomousvehiclelab/isaac_ros-dev/src/twist_mux/include/twist_mux/topic_handle.hpp:235:24:[m[K [01;31m[Kerror: [m[Kâ€˜[01m[Kclass twist_mux::TwistMux[m[Kâ€™ has no member named â€˜[01m[Kros_time_is_active[m[Kâ€™
[5.339s]   235 |     std::cout << mux_->[01;31m[Kros_time_is_active[m[K() << std::endl;
[5.339s]       |                        [01;31m[K^~~~~~~~~~~~~~~~~~[m[K
[5.367s] In file included from [01m[K/home/agxorin1/autonomousvehiclelab/isaac_ros-dev/src/twist_mux/src/twist_mux.cpp:36[m[K:
[5.367s] [01m[K/home/agxorin1/autonomousvehiclelab/isaac_ros-dev/src/twist_mux/include/twist_mux/topic_handle.hpp:[m[K In member function â€˜[01m[Kvoid twist_mux::LockTopicHandle::callback(std_msgs::msg::Bool_<std::allocator<void> >::ConstSharedPtr)[m[Kâ€™:
[5.367s] [01m[K/home/agxorin1/autonomousvehiclelab/isaac_ros-dev/src/twist_mux/include/twist_mux/topic_handle.hpp:235:24:[m[K [01;31m[Kerror: [m[Kâ€˜[01m[Kclass twist_mux::TwistMux[m[Kâ€™ has no member named â€˜[01m[Kros_time_is_active[m[Kâ€™
[5.367s]   235 |     std::cout << mux_->[01;31m[Kros_time_is_active[m[K() << std::endl;
[5.367s]       |                        [01;31m[K^~~~~~~~~~~~~~~~~~[m[K
[12.621s] gmake[2]: *** [CMakeFiles/twist_mux.dir/build.make:104: CMakeFiles/twist_mux.dir/src/twist_mux_diagnostics.cpp.o] Error 1
[12.622s] gmake[2]: *** Waiting for unfinished jobs....
[13.412s] gmake[2]: *** [CMakeFiles/twist_mux.dir/build.make:76: CMakeFiles/twist_mux.dir/src/twist_mux.cpp.o] Error 1
[13.412s] gmake[1]: *** [CMakeFiles/Makefile2:139: CMakeFiles/twist_mux.dir/all] Error 2
[13.413s] gmake: *** [Makefile:146: all] Error 2
[13.420s] Invoked command in '/home/agxorin1/autonomousvehiclelab/isaac_ros-dev/src/build/twist_mux' returned '2': CMAKE_PREFIX_PATH=${CMAKE_PREFIX_PATH}:/opt/ros/humble /usr/bin/cmake --build /home/agxorin1/autonomousvehiclelab/isaac_ros-dev/src/build/twist_mux -- -j8 -l8
