[35m[1mConsolidate compiler generated dependencies of target publisher[0m
[ 50%] Built target listener
[ 75%] [32mBuilding CXX object CMakeFiles/publisher.dir/src/camera_pub.cpp.o[0m
In file included from [01m[K/media/snow/Heavy_Duty/ros2_package/src/camera_mananger/src/camera_pub.cpp:7[m[K:
[01m[K/opt/ros/humble/include/image_transport/image_transport/image_transport.h:32:89:[m[K [01;36m[Knote: [m[Kâ€˜[01m[K#pragma message: Warning: This header is deprecated. Use 'image_transport.hpp' instead[m[Kâ€™
   32 | #pragma message ("Warning: This header is deprecated. Use 'image_transport.hpp' instead"[01;36m[K)[m[K
      |                                                                                         [01;36m[K^[m[K
[01m[K/media/snow/Heavy_Duty/ros2_package/src/camera_mananger/src/camera_pub.cpp:[m[K In member function â€˜[01m[Kvoid MinimalPublisher::timer_callback()[m[Kâ€™:
[01m[K/media/snow/Heavy_Duty/ros2_package/src/camera_mananger/src/camera_pub.cpp:49:21:[m[K [01;31m[Kerror: [m[Kâ€˜[01m[KMat[m[Kâ€™ has not been declared
   49 |             frame = [01;31m[KMat[m[K::zeros(320, 240, CV_8UC3, cv::Scalar(0, 0, 0));
      |                     [01;31m[K^~~[m[K
[01m[K/media/snow/Heavy_Duty/ros2_package/src/camera_mananger/src/camera_pub.cpp:38:17:[m[K [01;35m[Kwarning: [m[Kunused variable â€˜[01m[KdeviceID[m[Kâ€™ [[01;35m[K]8;;https://gcc.gnu.org/onlinedocs/gcc/Warning-Options.html#index-Wunused-variable-Wunused-variable]8;;[m[K]
   38 |             int [01;35m[KdeviceID[m[K = 0;
      |                 [01;35m[K^~~~~~~~[m[K
[01m[K/media/snow/Heavy_Duty/ros2_package/src/camera_mananger/src/camera_pub.cpp:39:17:[m[K [01;35m[Kwarning: [m[Kunused variable â€˜[01m[KapiID[m[Kâ€™ [[01;35m[K]8;;https://gcc.gnu.org/onlinedocs/gcc/Warning-Options.html#index-Wunused-variable-Wunused-variable]8;;[m[K]
   39 |             int [01;35m[KapiID[m[K = cv::CAP_ANY;
      |                 [01;35m[K^~~~~[m[K
gmake[2]: *** [CMakeFiles/publisher.dir/build.make:76: CMakeFiles/publisher.dir/src/camera_pub.cpp.o] Error 1
gmake[1]: *** [CMakeFiles/Makefile2:165: CMakeFiles/publisher.dir/all] Error 2
gmake: *** [Makefile:146: all] Error 2
