[0.005s] Invoking command in '/media/snow/Heavy_Duty/ros2_package/src/camera_mananger/build/camera_mananger': CMAKE_PREFIX_PATH=${CMAKE_PREFIX_PATH}:/opt/ros/humble /usr/bin/cmake --build /media/snow/Heavy_Duty/ros2_package/src/camera_mananger/build/camera_mananger -- -j4 -l4
[0.034s] [35m[1mConsolidate compiler generated dependencies of target publisher[0m
[0.042s] [ 25%] [32mBuilding CXX object CMakeFiles/listener.dir/src/camera_simulator.cpp.o[0m
[0.043s] [ 50%] [32mBuilding CXX object CMakeFiles/publisher.dir/src/camera_pub.cpp.o[0m
[0.098s] [01m[K/media/snow/Heavy_Duty/ros2_package/src/camera_mananger/src/camera_simulator.cpp:3:10:[m[K [01;31m[Kfatal error: [m[Kros/ros.h: No such file or directory
[0.098s]     3 | #include [01;31m[K<ros/ros.h>[m[K
[0.098s]       |          [01;31m[K^~~~~~~~~~~[m[K
[0.098s] compilation terminated.
[0.099s] gmake[2]: *** [CMakeFiles/listener.dir/build.make:76: CMakeFiles/listener.dir/src/camera_simulator.cpp.o] Error 1
[0.100s] gmake[1]: *** [CMakeFiles/Makefile2:139: CMakeFiles/listener.dir/all] Error 2
[0.100s] gmake[1]: *** Waiting for unfinished jobs....
[0.344s] In file included from [01m[K/media/snow/Heavy_Duty/ros2_package/src/camera_mananger/src/camera_pub.cpp:7[m[K:
[0.344s] [01m[K/opt/ros/humble/include/image_transport/image_transport/image_transport.h:32:89:[m[K [01;36m[Knote: [m[Kâ€˜[01m[K#pragma message: Warning: This header is deprecated. Use 'image_transport.hpp' instead[m[Kâ€™
[0.345s]    32 | #pragma message ("Warning: This header is deprecated. Use 'image_transport.hpp' instead"[01;36m[K)[m[K
[0.345s]       |                                                                                         [01;36m[K^[m[K
[1.388s] [01m[K/media/snow/Heavy_Duty/ros2_package/src/camera_mananger/src/camera_pub.cpp:[m[K In constructor â€˜[01m[KMinimalPublisher::MinimalPublisher()[m[Kâ€™:
[1.388s] [01m[K/media/snow/Heavy_Duty/ros2_package/src/camera_mananger/src/camera_pub.cpp:21:57:[m[K [01;31m[Kerror: [m[Kclass â€˜[01m[KMinimalPublisher[m[Kâ€™ does not have any field named â€˜[01m[Kcount_[m[Kâ€™
[1.388s]    21 |         MinimalPublisher() : Node("minimal_publisher"), [01;31m[Kcount_[m[K(0) {
[1.388s]       |                                                         [01;31m[K^~~~~~[m[K
[1.395s] [01m[K/media/snow/Heavy_Duty/ros2_package/src/camera_mananger/src/camera_pub.cpp:[m[K In member function â€˜[01m[Kvoid MinimalPublisher::timer_callback()[m[Kâ€™:
[1.395s] [01m[K/media/snow/Heavy_Duty/ros2_package/src/camera_mananger/src/camera_pub.cpp:37:26:[m[K [01;31m[Kerror: [m[Kâ€˜[01m[KImageConstPtr[m[Kâ€™ is not a member of â€˜[01m[Ksensor_msgs[m[Kâ€™
[1.395s]    37 |             sensor_msgs::[01;31m[KImageConstPtr[m[K img_msg;
[1.395s]       |                          [01;31m[K^~~~~~~~~~~~~[m[K
[1.404s] [01m[K/media/snow/Heavy_Duty/ros2_package/src/camera_mananger/src/camera_pub.cpp:45:17:[m[K [01;31m[Kerror: [m[Kâ€˜[01m[KROS_ERROR[m[Kâ€™ was not declared in this scope; did you mean â€˜[01m[KCV_ERROR[m[Kâ€™?
[1.404s]    45 |                 [01;31m[KROS_ERROR[m[K("Camera failed to open.");
[1.404s]       |                 [01;31m[K^~~~~~~~~[m[K
[1.404s]       |                 [32m[KCV_ERROR[m[K
[1.404s] [01m[K/media/snow/Heavy_Duty/ros2_package/src/camera_mananger/src/camera_pub.cpp:51:23:[m[K [01;31m[Kerror: [m[Kâ€˜[01m[KHeader[m[Kâ€™ is not a member of â€˜[01m[Kstd_msgs[m[Kâ€™; did you mean â€˜[01m[Kstd_msgs::msg::Header[m[Kâ€™?
[1.405s]    51 |             std_msgs::[01;31m[KHeader[m[K header;
[1.405s]       |                       [01;31m[K^~~~~~[m[K
[1.405s] In file included from [01m[K/opt/ros/humble/include/sensor_msgs/sensor_msgs/msg/detail/image__struct.hpp:20[m[K,
[1.405s]                  from [01m[K/opt/ros/humble/include/sensor_msgs/sensor_msgs/msg/image.hpp:7[m[K,
[1.405s]                  from [01m[K/opt/ros/humble/include/image_transport/image_transport/camera_publisher.hpp:38[m[K,
[1.405s]                  from [01m[K/opt/ros/humble/include/image_transport/image_transport/image_transport.hpp:39[m[K,
[1.405s]                  from [01m[K/opt/ros/humble/include/image_transport/image_transport/image_transport.h:34[m[K,
[1.405s]                  from [01m[K/media/snow/Heavy_Duty/ros2_package/src/camera_mananger/src/camera_pub.cpp:7[m[K:
[1.405s] [01m[K/opt/ros/humble/include/std_msgs/std_msgs/msg/detail/header__struct.hpp:140:7:[m[K [01;36m[Knote: [m[Kâ€˜[01m[Kstd_msgs::msg::Header[m[Kâ€™ declared here
[1.405s]   140 | using [01;36m[KHeader[m[K =
[1.405s]       |       [01;36m[K^~~~~~[m[K
[1.412s] [01m[K/media/snow/Heavy_Duty/ros2_package/src/camera_mananger/src/camera_pub.cpp:52:13:[m[K [01;31m[Kerror: [m[Kâ€˜[01m[Kheader[m[Kâ€™ was not declared in this scope
[1.412s]    52 |             [01;31m[Kheader[m[K.seq = counter;
[1.412s]       |             [01;31m[K^~~~~~[m[K
[1.412s] [01m[K/media/snow/Heavy_Duty/ros2_package/src/camera_mananger/src/camera_pub.cpp:53:28:[m[K [01;31m[Kerror: [m[Kâ€˜[01m[Kros[m[Kâ€™ has not been declared
[1.412s]    53 |             header.stamp = [01;31m[Kros[m[K::Time::now();
[1.412s]       |                            [01;31m[K^~~[m[K
[1.973s] gmake[2]: *** [CMakeFiles/publisher.dir/build.make:76: CMakeFiles/publisher.dir/src/camera_pub.cpp.o] Error 1
[1.973s] gmake[1]: *** [CMakeFiles/Makefile2:165: CMakeFiles/publisher.dir/all] Error 2
[1.973s] gmake: *** [Makefile:146: all] Error 2
[1.975s] Invoked command in '/media/snow/Heavy_Duty/ros2_package/src/camera_mananger/build/camera_mananger' returned '2': CMAKE_PREFIX_PATH=${CMAKE_PREFIX_PATH}:/opt/ros/humble /usr/bin/cmake --build /media/snow/Heavy_Duty/ros2_package/src/camera_mananger/build/camera_mananger -- -j4 -l4
