[35m[1mConsolidate compiler generated dependencies of target twist_marker[0m
[35m[1mConsolidate compiler generated dependencies of target twist_mux[0m
[ 33%] [32mBuilding CXX object CMakeFiles/twist_mux.dir/src/twist_mux.cpp.o[0m
[ 50%] [32mBuilding CXX object CMakeFiles/twist_mux.dir/src/twist_mux_diagnostics.cpp.o[0m
[ 66%] Built target twist_marker
In file included from [01m[K/home/agxorin1/autonomousvehiclelab/isaac_ros-dev/src/twist_mux/include/twist_mux/twist_mux_diagnostics.hpp:38[m[K,
                 from [01m[K/home/agxorin1/autonomousvehiclelab/isaac_ros-dev/src/twist_mux/src/twist_mux_diagnostics.cpp:35[m[K:
[01m[K/home/agxorin1/autonomousvehiclelab/isaac_ros-dev/src/twist_mux/include/twist_mux/twist_mux_diagnostics_status.hpp:[m[K In constructor â€˜[01m[Ktwist_mux::TwistMuxDiagnosticsStatus::TwistMuxDiagnosticsStatus()[m[Kâ€™:
[01m[K/home/agxorin1/autonomousvehiclelab/isaac_ros-dev/src/twist_mux/include/twist_mux/twist_mux_diagnostics_status.hpp:63:49:[m[K [01;31m[Kerror: [m[Kno match for call to â€˜[01m[K(rclcpp::Clock) ()[m[Kâ€™
   63 |     last_loop_update([01;31m[Krclcpp::Clock{RCL_ROS_TIME}()[m[K.now()),
      |                      [01;31m[K~~~~~~~~~~~~~~~~~~~~~~~~~~~^~[m[K
In file included from [01m[K/home/agxorin1/autonomousvehiclelab/isaac_ros-dev/src/twist_mux/include/twist_mux/twist_mux_diagnostics.hpp:38[m[K,
                 from [01m[K/home/agxorin1/autonomousvehiclelab/isaac_ros-dev/src/twist_mux/src/twist_mux.cpp:37[m[K:
[01m[K/home/agxorin1/autonomousvehiclelab/isaac_ros-dev/src/twist_mux/include/twist_mux/twist_mux_diagnostics_status.hpp:[m[K In constructor â€˜[01m[Ktwist_mux::TwistMuxDiagnosticsStatus::TwistMuxDiagnosticsStatus()[m[Kâ€™:
[01m[K/home/agxorin1/autonomousvehiclelab/isaac_ros-dev/src/twist_mux/include/twist_mux/twist_mux_diagnostics_status.hpp:63:49:[m[K [01;31m[Kerror: [m[Kno match for call to â€˜[01m[K(rclcpp::Clock) ()[m[Kâ€™
   63 |     last_loop_update([01;31m[Krclcpp::Clock{RCL_ROS_TIME}()[m[K.now()),
      |                      [01;31m[K~~~~~~~~~~~~~~~~~~~~~~~~~~~^~[m[K
gmake[2]: *** [CMakeFiles/twist_mux.dir/build.make:104: CMakeFiles/twist_mux.dir/src/twist_mux_diagnostics.cpp.o] Error 1
gmake[2]: *** Waiting for unfinished jobs....
gmake[2]: *** [CMakeFiles/twist_mux.dir/build.make:76: CMakeFiles/twist_mux.dir/src/twist_mux.cpp.o] Error 1
gmake[1]: *** [CMakeFiles/Makefile2:139: CMakeFiles/twist_mux.dir/all] Error 2
gmake: *** [Makefile:146: all] Error 2
