[0.024s] Invoking command in '/home/agxorin1/autonomousvehiclelab/isaac_ros-dev/src/build/twist_mux': CMAKE_PREFIX_PATH=${CMAKE_PREFIX_PATH}:/opt/ros/humble /usr/bin/cmake --build /home/agxorin1/autonomousvehiclelab/isaac_ros-dev/src/build/twist_mux -- -j8 -l8
[0.099s] [35m[1mConsolidate compiler generated dependencies of target twist_marker[0m
[0.103s] [35m[1mConsolidate compiler generated dependencies of target twist_mux[0m
[0.143s] [ 33%] [32mBuilding CXX object CMakeFiles/twist_mux.dir/src/twist_mux.cpp.o[0m
[0.143s] [ 50%] [32mBuilding CXX object CMakeFiles/twist_mux.dir/src/twist_mux_diagnostics.cpp.o[0m
[0.143s] [ 66%] Built target twist_marker
[5.341s] In file included from [01m[K/home/agxorin1/autonomousvehiclelab/isaac_ros-dev/src/twist_mux/include/twist_mux/twist_mux_diagnostics.hpp:38[m[K,
[5.341s]                  from [01m[K/home/agxorin1/autonomousvehiclelab/isaac_ros-dev/src/twist_mux/src/twist_mux_diagnostics.cpp:35[m[K:
[5.341s] [01m[K/home/agxorin1/autonomousvehiclelab/isaac_ros-dev/src/twist_mux/include/twist_mux/twist_mux_diagnostics_status.hpp:[m[K In constructor â€˜[01m[Ktwist_mux::TwistMuxDiagnosticsStatus::TwistMuxDiagnosticsStatus()[m[Kâ€™:
[5.342s] [01m[K/home/agxorin1/autonomousvehiclelab/isaac_ros-dev/src/twist_mux/include/twist_mux/twist_mux_diagnostics_status.hpp:63:49:[m[K [01;31m[Kerror: [m[Kno match for call to â€˜[01m[K(rclcpp::Clock) ()[m[Kâ€™
[5.342s]    63 |     last_loop_update([01;31m[Krclcpp::Clock{RCL_ROS_TIME}()[m[K.now()),
[5.342s]       |                      [01;31m[K~~~~~~~~~~~~~~~~~~~~~~~~~~~^~[m[K
[5.397s] In file included from [01m[K/home/agxorin1/autonomousvehiclelab/isaac_ros-dev/src/twist_mux/include/twist_mux/twist_mux_diagnostics.hpp:38[m[K,
[5.397s]                  from [01m[K/home/agxorin1/autonomousvehiclelab/isaac_ros-dev/src/twist_mux/src/twist_mux.cpp:37[m[K:
[5.397s] [01m[K/home/agxorin1/autonomousvehiclelab/isaac_ros-dev/src/twist_mux/include/twist_mux/twist_mux_diagnostics_status.hpp:[m[K In constructor â€˜[01m[Ktwist_mux::TwistMuxDiagnosticsStatus::TwistMuxDiagnosticsStatus()[m[Kâ€™:
[5.397s] [01m[K/home/agxorin1/autonomousvehiclelab/isaac_ros-dev/src/twist_mux/include/twist_mux/twist_mux_diagnostics_status.hpp:63:49:[m[K [01;31m[Kerror: [m[Kno match for call to â€˜[01m[K(rclcpp::Clock) ()[m[Kâ€™
[5.398s]    63 |     last_loop_update([01;31m[Krclcpp::Clock{RCL_ROS_TIME}()[m[K.now()),
[5.398s]       |                      [01;31m[K~~~~~~~~~~~~~~~~~~~~~~~~~~~^~[m[K
[13.391s] gmake[2]: *** [CMakeFiles/twist_mux.dir/build.make:104: CMakeFiles/twist_mux.dir/src/twist_mux_diagnostics.cpp.o] Error 1
[13.391s] gmake[2]: *** Waiting for unfinished jobs....
[14.471s] gmake[2]: *** [CMakeFiles/twist_mux.dir/build.make:76: CMakeFiles/twist_mux.dir/src/twist_mux.cpp.o] Error 1
[14.472s] gmake[1]: *** [CMakeFiles/Makefile2:139: CMakeFiles/twist_mux.dir/all] Error 2
[14.472s] gmake: *** [Makefile:146: all] Error 2
[14.477s] Invoked command in '/home/agxorin1/autonomousvehiclelab/isaac_ros-dev/src/build/twist_mux' returned '2': CMAKE_PREFIX_PATH=${CMAKE_PREFIX_PATH}:/opt/ros/humble /usr/bin/cmake --build /home/agxorin1/autonomousvehiclelab/isaac_ros-dev/src/build/twist_mux -- -j8 -l8
