[0.022s] Invoking command in '/media/snow/Heavy_Duty/ros2_package/src/camera_mananger/build/camera_mananger': CMAKE_PREFIX_PATH=/opt/ros/humble /usr/bin/cmake --build /media/snow/Heavy_Duty/ros2_package/src/camera_mananger/build/camera_mananger -- -j4 -l4
[0.431s] -- Found ament_cmake: 1.3.9 (/opt/ros/humble/share/ament_cmake/cmake)
[0.527s] -- Found rclcpp: 16.0.9 (/opt/ros/humble/share/rclcpp/cmake)
[0.564s] -- Found rosidl_generator_c: 3.1.5 (/opt/ros/humble/share/rosidl_generator_c/cmake)
[0.567s] -- Found rosidl_adapter: 3.1.5 (/opt/ros/humble/share/rosidl_adapter/cmake)
[0.573s] -- Found rosidl_generator_cpp: 3.1.5 (/opt/ros/humble/share/rosidl_generator_cpp/cmake)
[0.607s] -- Using all available rosidl_typesupport_c: rosidl_typesupport_fastrtps_c;rosidl_typesupport_introspection_c
[0.626s] -- Using all available rosidl_typesupport_cpp: rosidl_typesupport_fastrtps_cpp;rosidl_typesupport_introspection_cpp
[0.681s] -- Found rmw_implementation_cmake: 6.1.2 (/opt/ros/humble/share/rmw_implementation_cmake/cmake)
[0.683s] -- Found rmw_fastrtps_cpp: 6.2.6 (/opt/ros/humble/share/rmw_fastrtps_cpp/cmake)
[0.779s] -- Using RMW implementation 'rmw_fastrtps_cpp' as default
[0.922s] -- Found cv_bridge: 3.2.1 (/opt/ros/humble/share/cv_bridge/cmake)
[1.036s] -- Found image_transport: 3.1.9 (/opt/ros/humble/share/image_transport/cmake)
[1.074s] -- Found ament_lint_auto: 0.12.11 (/opt/ros/humble/share/ament_lint_auto/cmake)
[2.576s] -- Added test 'cppcheck' to perform static code analysis on C / C++ code
[2.576s] -- Configured cppcheck include dirs: 
[2.576s] -- Configured cppcheck exclude dirs and/or files: 
[2.581s] -- Added test 'flake8' to check Python code syntax and style conventions
[2.589s] -- Added test 'lint_cmake' to check CMake code style
[2.593s] -- Added test 'pep257' to check Python code against some of the docstring style conventions in PEP 257
[2.623s] -- Added test 'uncrustify' to check C / C++ code style
[2.623s] -- Configured uncrustify additional arguments: 
[2.627s] -- Added test 'xmllint' to check XML markup files
[2.631s] -- Configuring done
[2.701s] -- Generating done
[2.702s] -- Build files have been written to: /media/snow/Heavy_Duty/ros2_package/src/camera_mananger/build/camera_mananger
[2.748s] [35m[1mConsolidate compiler generated dependencies of target publisher[0m
[2.748s] [35m[1mConsolidate compiler generated dependencies of target listener[0m
[2.780s] [ 25%] [32mBuilding CXX object CMakeFiles/listener.dir/src/camera_simulator.cpp.o[0m
[2.782s] [ 50%] [32mBuilding CXX object CMakeFiles/publisher.dir/src/camera_pub.cpp.o[0m
[3.078s] [01m[K/media/snow/Heavy_Duty/ros2_package/src/camera_mananger/src/camera_simulator.cpp:4:10:[m[K [01;31m[Kfatal error: [m[Ksensor_msgs/msg/image_encodings.h: No such file or directory
[3.078s]     4 | #include [01;31m[K<sensor_msgs/msg/image_encodings.h>[m[K
[3.078s]       |          [01;31m[K^~~~~~~~~~~~~~~~~~~~~~~~~~~~~~~~~~~[m[K
[3.078s] compilation terminated.
[3.079s] gmake[2]: *** [CMakeFiles/listener.dir/build.make:76: CMakeFiles/listener.dir/src/camera_simulator.cpp.o] Error 1
[3.079s] gmake[1]: *** [CMakeFiles/Makefile2:139: CMakeFiles/listener.dir/all] Error 2
[3.080s] gmake[1]: *** Waiting for unfinished jobs....
[3.328s] In file included from [01m[K/media/snow/Heavy_Duty/ros2_package/src/camera_mananger/src/camera_pub.cpp:7[m[K:
[3.328s] [01m[K/opt/ros/humble/include/image_transport/image_transport/image_transport.h:32:89:[m[K [01;36m[Knote: [m[Kâ€˜[01m[K#pragma message: Warning: This header is deprecated. Use 'image_transport.hpp' instead[m[Kâ€™
[3.328s]    32 | #pragma message ("Warning: This header is deprecated. Use 'image_transport.hpp' instead"[01;36m[K)[m[K
[3.328s]       |                                                                                         [01;36m[K^[m[K
[4.521s] [01m[K/media/snow/Heavy_Duty/ros2_package/src/camera_mananger/src/camera_pub.cpp:[m[K In constructor â€˜[01m[KMinimalPublisher::MinimalPublisher()[m[Kâ€™:
[4.521s] [01m[K/media/snow/Heavy_Duty/ros2_package/src/camera_mananger/src/camera_pub.cpp:20:57:[m[K [01;31m[Kerror: [m[Kclass â€˜[01m[KMinimalPublisher[m[Kâ€™ does not have any field named â€˜[01m[Kcount_[m[Kâ€™
[4.521s]    20 |         MinimalPublisher() : Node("minimal_publisher"), [01;31m[Kcount_[m[K(0) {
[4.521s]       |                                                         [01;31m[K^~~~~~[m[K
[4.530s] [01m[K/media/snow/Heavy_Duty/ros2_package/src/camera_mananger/src/camera_pub.cpp:[m[K In member function â€˜[01m[Kvoid MinimalPublisher::timer_callback()[m[Kâ€™:
[4.530s] [01m[K/media/snow/Heavy_Duty/ros2_package/src/camera_mananger/src/camera_pub.cpp:36:26:[m[K [01;31m[Kerror: [m[Kâ€˜[01m[KImageConstPtr[m[Kâ€™ is not a member of â€˜[01m[Ksensor_msgs[m[Kâ€™
[4.530s]    36 |             sensor_msgs::[01;31m[KImageConstPtr[m[K img_msg;
[4.530s]       |                          [01;31m[K^~~~~~~~~~~~~[m[K
[4.539s] [01m[K/media/snow/Heavy_Duty/ros2_package/src/camera_mananger/src/camera_pub.cpp:44:17:[m[K [01;31m[Kerror: [m[Kâ€˜[01m[KROS_ERROR[m[Kâ€™ was not declared in this scope; did you mean â€˜[01m[KCV_ERROR[m[Kâ€™?
[4.540s]    44 |                 [01;31m[KROS_ERROR[m[K("Camera failed to open.");
[4.540s]       |                 [01;31m[K^~~~~~~~~[m[K
[4.540s]       |                 [32m[KCV_ERROR[m[K
[4.540s] [01m[K/media/snow/Heavy_Duty/ros2_package/src/camera_mananger/src/camera_pub.cpp:51:20:[m[K [01;31m[Kerror: [m[Kâ€˜[01m[Kusing Header = struct std_msgs::msg::Header_<std::allocator<void> >[m[Kâ€™ {aka â€˜[01m[Kstruct std_msgs::msg::Header_<std::allocator<void> >[m[Kâ€™} has no member named â€˜[01m[Kseq[m[Kâ€™
[4.540s]    51 |             header.[01;31m[Kseq[m[K = counter;
[4.540s]       |                    [01;31m[K^~~[m[K
[4.540s] [01m[K/media/snow/Heavy_Duty/ros2_package/src/camera_mananger/src/camera_pub.cpp:52:59:[m[K [01;31m[Kerror: [m[Kno match for â€˜[01m[Koperator=[m[Kâ€™ (operand types are â€˜[01m[Kstd_msgs::msg::Header_<std::allocator<void> >::_stamp_type[m[Kâ€™ {aka â€˜[01m[Kbuiltin_interfaces::msg::Time_<std::allocator<void> >[m[Kâ€™} and â€˜[01m[Kstd::chrono::_V2::steady_clock::time_point[m[Kâ€™ {aka â€˜[01m[Kstd::chrono::time_point<std::chrono::_V2::steady_clock, std::chrono::duration<long int, std::ratio<1, 1000000000> > >[m[Kâ€™})
[4.540s]    52 |             header.stamp = std::chrono::steady_clock::now([01;31m[K)[m[K;
[4.540s]       |                                                           [01;31m[K^[m[K
[4.540s] In file included from [01m[K/opt/ros/humble/include/rcl_interfaces/rcl_interfaces/msg/detail/parameter_event__struct.hpp:20[m[K,
[4.540s]                  from [01m[K/opt/ros/humble/include/rcl_interfaces/rcl_interfaces/msg/parameter_event.hpp:7[m[K,
[4.540s]                  from [01m[K/opt/ros/humble/include/rclcpp/rclcpp/node.hpp:37[m[K,
[4.540s]                  from [01m[K/opt/ros/humble/include/image_transport/image_transport/image_transport.hpp:37[m[K,
[4.540s]                  from [01m[K/opt/ros/humble/include/image_transport/image_transport/image_transport.h:34[m[K,
[4.540s]                  from [01m[K/media/snow/Heavy_Duty/ros2_package/src/camera_mananger/src/camera_pub.cpp:7[m[K:
[4.540s] [01m[K/opt/ros/humble/include/builtin_interfaces/builtin_interfaces/msg/detail/time__struct.hpp:32:8:[m[K [01;36m[Knote: [m[Kcandidate: â€˜[01m[Kconstexpr builtin_interfaces::msg::Time_<std::allocator<void> >& builtin_interfaces::msg::Time_<std::allocator<void> >::operator=(const builtin_interfaces::msg::Time_<std::allocator<void> >&)[m[Kâ€™
[4.540s]    32 | struct [01;36m[KTime_[m[K
[4.540s]       |        [01;36m[K^~~~~[m[K
[4.540s] [01m[K/opt/ros/humble/include/builtin_interfaces/builtin_interfaces/msg/detail/time__struct.hpp:32:8:[m[K [01;36m[Knote: [m[K  no known conversion for argument 1 from â€˜[01m[Kstd::chrono::_V2::steady_clock::time_point[m[Kâ€™ {aka â€˜[01m[Kstd::chrono::time_point<std::chrono::_V2::steady_clock, std::chrono::duration<long int, std::ratio<1, 1000000000> > >[m[Kâ€™} to â€˜[01m[Kconst builtin_interfaces::msg::Time_<std::allocator<void> >&[m[Kâ€™
[4.540s] [01m[K/opt/ros/humble/include/builtin_interfaces/builtin_interfaces/msg/detail/time__struct.hpp:32:8:[m[K [01;36m[Knote: [m[Kcandidate: â€˜[01m[Kconstexpr builtin_interfaces::msg::Time_<std::allocator<void> >& builtin_interfaces::msg::Time_<std::allocator<void> >::operator=(builtin_interfaces::msg::Time_<std::allocator<void> >&&)[m[Kâ€™
[4.540s] [01m[K/opt/ros/humble/include/builtin_interfaces/builtin_interfaces/msg/detail/time__struct.hpp:32:8:[m[K [01;36m[Knote: [m[K  no known conversion for argument 1 from â€˜[01m[Kstd::chrono::_V2::steady_clock::time_point[m[Kâ€™ {aka â€˜[01m[Kstd::chrono::time_point<std::chrono::_V2::steady_clock, std::chrono::duration<long int, std::ratio<1, 1000000000> > >[m[Kâ€™} to â€˜[01m[Kbuiltin_interfaces::msg::Time_<std::allocator<void> >&&[m[Kâ€™
[5.147s] gmake[2]: *** [CMakeFiles/publisher.dir/build.make:76: CMakeFiles/publisher.dir/src/camera_pub.cpp.o] Error 1
[5.147s] gmake[1]: *** [CMakeFiles/Makefile2:165: CMakeFiles/publisher.dir/all] Error 2
[5.147s] gmake: *** [Makefile:146: all] Error 2
[5.148s] Invoked command in '/media/snow/Heavy_Duty/ros2_package/src/camera_mananger/build/camera_mananger' returned '2': CMAKE_PREFIX_PATH=/opt/ros/humble /usr/bin/cmake --build /media/snow/Heavy_Duty/ros2_package/src/camera_mananger/build/camera_mananger -- -j4 -l4
