[0.040s] Invoking command in '/media/snow/Heavy_Duty/ros2_package/src/camera_mananger/build/camera_mananger': CMAKE_PREFIX_PATH=/opt/ros/humble /usr/bin/cmake --build /media/snow/Heavy_Duty/ros2_package/src/camera_mananger/build/camera_mananger -- -j4 -l4
[0.916s] [35m[1mConsolidate compiler generated dependencies of target listener[0m
[0.947s] [ 50%] [32mBuilding CXX object CMakeFiles/listener.dir/src/camera_simulator.cpp.o[0m
[0.947s] [ 50%] [32mBuilding CXX object CMakeFiles/publisher.dir/src/camera_pub.cpp.o[0m
[1.485s] In file included from [01m[K/media/snow/Heavy_Duty/ros2_package/src/camera_mananger/src/camera_pub.cpp:7[m[K:
[1.485s] [01m[K/opt/ros/humble/include/image_transport/image_transport/image_transport.h:32:89:[m[K [01;36m[Knote: [m[Kâ€˜[01m[K#pragma message: Warning: This header is deprecated. Use 'image_transport.hpp' instead[m[Kâ€™
[1.485s]    32 | #pragma message ("Warning: This header is deprecated. Use 'image_transport.hpp' instead"[01;36m[K)[m[K
[1.485s]       |                                                                                         [01;36m[K^[m[K
[1.519s] In file included from [01m[K/media/snow/Heavy_Duty/ros2_package/src/camera_mananger/src/camera_simulator.cpp:7[m[K:
[1.519s] [01m[K/opt/ros/humble/include/image_transport/image_transport/image_transport.h:32:89:[m[K [01;36m[Knote: [m[Kâ€˜[01m[K#pragma message: Warning: This header is deprecated. Use 'image_transport.hpp' instead[m[Kâ€™
[1.519s]    32 | #pragma message ("Warning: This header is deprecated. Use 'image_transport.hpp' instead"[01;36m[K)[m[K
[1.519s]       |                                                                                         [01;36m[K^[m[K
[2.938s] [01m[K/media/snow/Heavy_Duty/ros2_package/src/camera_mananger/src/camera_pub.cpp:28:9:[m[K [01;31m[Kerror: [m[Kâ€˜[01m[Kstring[m[Kâ€™ does not name a type; did you mean â€˜[01m[Kstdin[m[Kâ€™?
[2.938s]    28 |         [01;31m[Kstring[m[K data_file = "data_file_";
[2.938s]       |         [01;31m[K^~~~~~[m[K
[2.938s]       |         [32m[Kstdin[m[K
[2.957s] [01m[K/media/snow/Heavy_Duty/ros2_package/src/camera_mananger/src/camera_pub.cpp:[m[K In member function â€˜[01m[Kvoid MinimalPublisher::timer_callback()[m[Kâ€™:
[2.957s] [01m[K/media/snow/Heavy_Duty/ros2_package/src/camera_mananger/src/camera_pub.cpp:39:17:[m[K [01;35m[Kwarning: [m[Kunused variable â€˜[01m[KdeviceID[m[Kâ€™ [[01;35m[K]8;;https://gcc.gnu.org/onlinedocs/gcc/Warning-Options.html#index-Wunused-variable-Wunused-variable]8;;[m[K]
[2.957s]    39 |             int [01;35m[KdeviceID[m[K = 0;
[2.957s]       |                 [01;35m[K^~~~~~~~[m[K
[2.957s] [01m[K/media/snow/Heavy_Duty/ros2_package/src/camera_mananger/src/camera_pub.cpp:40:17:[m[K [01;35m[Kwarning: [m[Kunused variable â€˜[01m[KapiID[m[Kâ€™ [[01;35m[K]8;;https://gcc.gnu.org/onlinedocs/gcc/Warning-Options.html#index-Wunused-variable-Wunused-variable]8;;[m[K]
[2.957s]    40 |             int [01;35m[KapiID[m[K = cv::CAP_ANY;
[2.957s]       |                 [01;35m[K^~~~~[m[K
[3.156s] [01m[K/media/snow/Heavy_Duty/ros2_package/src/camera_mananger/src/camera_simulator.cpp:57:17:[m[K [01;31m[Kerror: [m[Kâ€˜[01m[Kstring[m[Kâ€™ does not name a type; did you mean â€˜[01m[Kstdin[m[Kâ€™?
[3.156s]    57 |                 [01;31m[Kstring[m[K logging_files = "log_file_";
[3.156s]       |                 [01;31m[K^~~~~~[m[K
[3.156s]       |                 [32m[Kstdin[m[K
[3.157s] [01m[K/media/snow/Heavy_Duty/ros2_package/src/camera_mananger/src/camera_simulator.cpp:58:17:[m[K [01;31m[Kerror: [m[Kâ€˜[01m[Kifstream[m[Kâ€™ does not name a type
[3.158s]    58 |                 [01;31m[Kifstream[m[K current_file;
[3.158s]       |                 [01;31m[K^~~~~~~~[m[K
[3.186s] [01m[K/media/snow/Heavy_Duty/ros2_package/src/camera_mananger/src/camera_simulator.cpp:[m[K In constructor â€˜[01m[KFrameMangSub::FrameMangSub()[m[Kâ€™:
[3.186s] [01m[K/media/snow/Heavy_Duty/ros2_package/src/camera_mananger/src/camera_simulator.cpp:34:73:[m[K [01;31m[Kerror: [m[Kâ€˜[01m[Kpath[m[Kâ€™ was not declared in this scope
[3.187s]    34 |                         for (const auto &entry : fs::directory_iterator([01;31m[Kpath[m[K)){
[3.187s]       |                                                                         [01;31m[K^~~~[m[K
[3.187s] [01m[K/media/snow/Heavy_Duty/ros2_package/src/camera_mananger/src/camera_simulator.cpp:34:73:[m[K [01;36m[Knote: [m[Ksuggested alternatives:
[3.188s] In file included from [01m[K/usr/include/c++/11/filesystem:45[m[K,
[3.188s]                  from [01m[K/media/snow/Heavy_Duty/ros2_package/src/camera_mananger/src/camera_simulator.cpp:4[m[K:
[3.188s] [01m[K/usr/include/c++/11/bits/fs_path.h:248:9:[m[K [01;36m[Knote: [m[K  â€˜[01m[Kstd::filesystem::__cxx11::path[m[Kâ€™
[3.188s]   248 |   class [01;36m[Kpath[m[K
[3.188s]       |         [01;36m[K^~~~[m[K
[3.188s] In file included from [01m[K/opt/ros/humble/include/rclcpp/rclcpp/logger.hpp:25[m[K,
[3.188s]                  from [01m[K/opt/ros/humble/include/rclcpp/rclcpp/logging.hpp:23[m[K,
[3.188s]                  from [01m[K/opt/ros/humble/include/rclcpp/rclcpp/client.hpp:40[m[K,
[3.188s]                  from [01m[K/opt/ros/humble/include/rclcpp/rclcpp/callback_group.hpp:24[m[K,
[3.188s]                  from [01m[K/opt/ros/humble/include/rclcpp/rclcpp/node.hpp:40[m[K,
[3.188s]                  from [01m[K/opt/ros/humble/include/image_transport/image_transport/image_transport.hpp:37[m[K,
[3.188s]                  from [01m[K/opt/ros/humble/include/image_transport/image_transport/image_transport.h:34[m[K,
[3.188s]                  from [01m[K/media/snow/Heavy_Duty/ros2_package/src/camera_mananger/src/camera_simulator.cpp:7[m[K:
[3.188s] [01m[K/opt/ros/humble/include/rcpputils/rcpputils/filesystem_helper.hpp:76:7:[m[K [01;36m[Knote: [m[K  â€˜[01m[Krcpputils::fs::path[m[Kâ€™
[3.188s]    76 | class [01;36m[Kpath[m[K
[3.188s]       |       [01;36m[K^~~~[m[K
[3.202s] [01m[K/media/snow/Heavy_Duty/ros2_package/src/camera_mananger/src/camera_simulator.cpp:39:25:[m[K [01;31m[Kerror: [m[Kâ€˜[01m[Klogging_files[m[Kâ€™ was not declared in this scope
[3.202s]    39 |                         [01;31m[Klogging_files[m[K = logging_files + file_count;
[3.202s]       |                         [01;31m[K^~~~~~~~~~~~~[m[K
[3.204s] [01m[K/media/snow/Heavy_Duty/ros2_package/src/camera_mananger/src/camera_simulator.cpp:51:25:[m[K [01;31m[Kerror: [m[Kâ€˜[01m[Kifstream[m[Kâ€™ was not declared in this scope; did you mean â€˜[01m[Kstd::ifstream[m[Kâ€™?
[3.204s]    51 |                         [01;31m[Kifstream[m[K current_file(logging_files);
[3.204s]       |                         [01;31m[K^~~~~~~~[m[K
[3.204s]       |                         [32m[Kstd::ifstream[m[K
[3.204s] In file included from [01m[K/usr/include/c++/11/bits/shared_ptr.h:52[m[K,
[3.204s]                  from [01m[K/usr/include/c++/11/memory:77[m[K,
[3.204s]                  from [01m[K/media/snow/Heavy_Duty/ros2_package/src/camera_mananger/src/camera_simulator.cpp:1[m[K:
[3.204s] [01m[K/usr/include/c++/11/iosfwd:162:41:[m[K [01;36m[Knote: [m[Kâ€˜[01m[Kstd::ifstream[m[Kâ€™ declared here
[3.204s]   162 |   typedef basic_ifstream<char>          [01;36m[Kifstream[m[K;
[3.204s]       |                                         [01;36m[K^~~~~~~~[m[K
[3.223s] [01m[K/media/snow/Heavy_Duty/ros2_package/src/camera_mananger/src/camera_simulator.cpp:[m[K In member function â€˜[01m[Kvoid FrameMangSub::topic_callback(const Image&)[m[Kâ€™:
[3.223s] [01m[K/media/snow/Heavy_Duty/ros2_package/src/camera_mananger/src/camera_simulator.cpp:80:62:[m[K [01;31m[Kerror: [m[Kâ€˜[01m[Klogging_file[m[Kâ€™ was not declared in this scope
[3.223s]    80 |                         int mb = fs::file_size(drive + "/" + [01;31m[Klogging_file[m[K) / 1024 / 1024;
[3.223s]       |                                                              [01;31m[K^~~~~~~~~~~~[m[K
[3.237s] [01m[K/media/snow/Heavy_Duty/ros2_package/src/camera_mananger/src/camera_simulator.cpp:85:33:[m[K [01;31m[Kerror: [m[Kâ€˜[01m[Kcurrent_file[m[Kâ€™ was not declared in this scope
[3.237s]    85 |                                 [01;31m[Kcurrent_file[m[K(logging_file);
[3.237s]       |                                 [01;31m[K^~~~~~~~~~~~[m[K
[3.251s] [01m[K/media/snow/Heavy_Duty/ros2_package/src/camera_mananger/src/camera_simulator.cpp:89:25:[m[K [01;31m[Kerror: [m[Kâ€˜[01m[Kcurrent_file[m[Kâ€™ was not declared in this scope
[3.251s]    89 |                         [01;31m[Kcurrent_file[m[K << std::ctime(&time) << ": " << result << endl;
[3.251s]       |                         [01;31m[K^~~~~~~~~~~~[m[K
[3.252s] [01m[K/media/snow/Heavy_Duty/ros2_package/src/camera_mananger/src/camera_simulator.cpp:89:52:[m[K [01;31m[Kerror: [m[Kcannot convert â€˜[01m[Kstd::chrono::time_point<std::chrono::_V2::system_clock, std::chrono::duration<long int, std::ratio<1, 1000000000> > >*[m[Kâ€™ to â€˜[01m[Kconst time_t*[m[Kâ€™ {aka â€˜[01m[Kconst long int*[m[Kâ€™}
[3.252s]    89 |                         current_file << std::ctime([01;31m[K&time[m[K) << ": " << result << endl;
[3.252s]       |                                                    [01;31m[K^~~~~[m[K
[3.252s]       |                                                    [01;31m[K|[m[K
[3.252s]       |                                                    [01;31m[Kstd::chrono::time_point<std::chrono::_V2::system_clock, std::chrono::duration<long int, std::ratio<1, 1000000000> > >*[m[K
[3.252s] In file included from [01m[K/usr/include/pthread.h:23[m[K,
[3.252s]                  from [01m[K/usr/include/aarch64-linux-gnu/c++/11/bits/gthr-default.h:35[m[K,
[3.252s]                  from [01m[K/usr/include/aarch64-linux-gnu/c++/11/bits/gthr.h:148[m[K,
[3.252s]                  from [01m[K/usr/include/c++/11/ext/atomicity.h:35[m[K,
[3.252s]                  from [01m[K/usr/include/c++/11/bits/shared_ptr_base.h:61[m[K,
[3.252s]                  from [01m[K/usr/include/c++/11/bits/shared_ptr.h:53[m[K,
[3.252s]                  from [01m[K/usr/include/c++/11/memory:77[m[K,
[3.252s]                  from [01m[K/media/snow/Heavy_Duty/ros2_package/src/camera_mananger/src/camera_simulator.cpp:1[m[K:
[3.252s] [01m[K/usr/include/time.h:183:35:[m[K [01;36m[Knote: [m[K  initializing argument 1 of â€˜[01m[Kchar* ctime(const time_t*)[m[Kâ€™
[3.252s]   183 | extern char *ctime ([01;36m[Kconst time_t *__timer[m[K) __THROW;
[3.252s]       |                     [01;36m[K~~~~~~~~~~~~~~^~~~~~~[m[K
[3.254s] [01m[K/media/snow/Heavy_Duty/ros2_package/src/camera_mananger/src/camera_simulator.cpp:89:80:[m[K [01;31m[Kerror: [m[Kâ€˜[01m[Kendl[m[Kâ€™ was not declared in this scope; did you mean â€˜[01m[Kstd::endl[m[Kâ€™?
[3.254s]    89 |                         current_file << std::ctime(&time) << ": " << result << [01;31m[Kendl[m[K;
[3.254s]       |                                                                                [01;31m[K^~~~[m[K
[3.254s]       |                                                                                [32m[Kstd::endl[m[K
[3.254s] In file included from [01m[K/usr/include/c++/11/istream:39[m[K,
[3.254s]                  from [01m[K/usr/include/c++/11/fstream:38[m[K,
[3.254s]                  from [01m[K/media/snow/Heavy_Duty/ros2_package/src/camera_mananger/src/camera_simulator.cpp:3[m[K:
[3.254s] [01m[K/usr/include/c++/11/ostream:684:5:[m[K [01;36m[Knote: [m[Kâ€˜[01m[Kstd::endl[m[Kâ€™ declared here
[3.254s]   684 |     [01;36m[Kendl[m[K(basic_ostream<_CharT, _Traits>& __os)
[3.254s]       |     [01;36m[K^~~~[m[K
[3.254s] In file included from [01m[K/opt/ros/humble/include/rclcpp/rclcpp/logging.hpp:24[m[K,
[3.254s]                  from [01m[K/opt/ros/humble/include/rclcpp/rclcpp/client.hpp:40[m[K,
[3.254s]                  from [01m[K/opt/ros/humble/include/rclcpp/rclcpp/callback_group.hpp:24[m[K,
[3.254s]                  from [01m[K/opt/ros/humble/include/rclcpp/rclcpp/node.hpp:40[m[K,
[3.254s]                  from [01m[K/opt/ros/humble/include/image_transport/image_transport/image_transport.hpp:37[m[K,
[3.254s]                  from [01m[K/opt/ros/humble/include/image_transport/image_transport/image_transport.h:34[m[K,
[3.254s]                  from [01m[K/media/snow/Heavy_Duty/ros2_package/src/camera_mananger/src/camera_simulator.cpp:7[m[K:
[3.255s] [01m[K/media/snow/Heavy_Duty/ros2_package/src/camera_mananger/src/camera_simulator.cpp:93:58:[m[K [01;35m[Kwarning: [m[Kformat â€˜[01m[K%s[m[Kâ€™ expects argument of type â€˜[01m[Kchar*[m[Kâ€™, but argument 5 has type â€˜[01m[Kstd::string[m[Kâ€™ {aka â€˜[01m[Kstd::__cxx11::basic_string<char>[m[Kâ€™} [[01;35m[K]8;;https://gcc.gnu.org/onlinedocs/gcc/Warning-Options.html#index-Wformat=-Wformat=]8;;[m[K]
[3.255s]    93 |                         RCLCPP_DEBUG(this->get_logger(), [01;35m[K"%s"[m[K, result);
[3.255s]       |                                                          [01;35m[K^~~~[m[K
[3.255s] [01m[K/media/snow/Heavy_Duty/ros2_package/src/camera_mananger/src/camera_simulator.cpp:93:60:[m[K [01;36m[Knote: [m[Kformat string is defined here
[3.255s]    93 |                         RCLCPP_DEBUG(this->get_logger(), "[01;36m[K%s[m[K", result);
[3.255s]       |                                                           [01;36m[K~^[m[K
[3.255s]       |                                                            [01;36m[K|[m[K
[3.255s]       |                                                            [01;36m[Kchar*[m[K
[3.658s] gmake[2]: *** [CMakeFiles/publisher.dir/build.make:76: CMakeFiles/publisher.dir/src/camera_pub.cpp.o] Error 1
[3.658s] gmake[1]: *** [CMakeFiles/Makefile2:165: CMakeFiles/publisher.dir/all] Error 2
[3.658s] gmake[1]: *** Waiting for unfinished jobs....
[4.353s] gmake[2]: *** [CMakeFiles/listener.dir/build.make:76: CMakeFiles/listener.dir/src/camera_simulator.cpp.o] Error 1
[4.353s] gmake[1]: *** [CMakeFiles/Makefile2:139: CMakeFiles/listener.dir/all] Error 2
[4.353s] gmake: *** [Makefile:146: all] Error 2
[4.355s] Invoked command in '/media/snow/Heavy_Duty/ros2_package/src/camera_mananger/build/camera_mananger' returned '2': CMAKE_PREFIX_PATH=/opt/ros/humble /usr/bin/cmake --build /media/snow/Heavy_Duty/ros2_package/src/camera_mananger/build/camera_mananger -- -j4 -l4
